Release 14.7 - xst P.20131013 (nt64)
Copyright (c) 1995-2013 Xilinx, Inc.  All rights reserved.
--> Parameter TMPDIR set to xst/projnav.tmp


Total REAL time to Xst completion: 0.00 secs
Total CPU time to Xst completion: 0.13 secs
 
--> Parameter xsthdpdir set to xst


Total REAL time to Xst completion: 0.00 secs
Total CPU time to Xst completion: 0.13 secs
 
--> Reading design: main.prj

TABLE OF CONTENTS
  1) Synthesis Options Summary
  2) HDL Compilation
  3) Design Hierarchy Analysis
  4) HDL Analysis
  5) HDL Synthesis
     5.1) HDL Synthesis Report
  6) Advanced HDL Synthesis
     6.1) Advanced HDL Synthesis Report
  7) Low Level Synthesis
  8) Partition Report
  9) Final Report
	9.1) Device utilization summary
	9.2) Partition Resource Summary
	9.3) TIMING REPORT


=========================================================================
*                      Synthesis Options Summary                        *
=========================================================================
---- Source Parameters
Input File Name                    : "main.prj"
Input Format                       : mixed
Ignore Synthesis Constraint File   : NO

---- Target Parameters
Output File Name                   : "main"
Output Format                      : NGC
Target Device                      : xc3s50a-4-tq144

---- Source Options
Top Module Name                    : main
Automatic FSM Extraction           : YES
FSM Encoding Algorithm             : Auto
Safe Implementation                : No
FSM Style                          : LUT
RAM Extraction                     : Yes
RAM Style                          : Auto
ROM Extraction                     : Yes
Mux Style                          : Auto
Decoder Extraction                 : YES
Priority Encoder Extraction        : Yes
Shift Register Extraction          : YES
Logical Shifter Extraction         : YES
XOR Collapsing                     : YES
ROM Style                          : Auto
Mux Extraction                     : Yes
Resource Sharing                   : YES
Asynchronous To Synchronous        : NO
Multiplier Style                   : Auto
Automatic Register Balancing       : No

---- Target Options
Add IO Buffers                     : YES
Global Maximum Fanout              : 100000
Add Generic Clock Buffer(BUFG)     : 24
Register Duplication               : YES
Slice Packing                      : YES
Optimize Instantiated Primitives   : NO
Use Clock Enable                   : Yes
Use Synchronous Set                : Yes
Use Synchronous Reset              : Yes
Pack IO Registers into IOBs        : Auto
Equivalent register Removal        : YES

---- General Options
Optimization Goal                  : Speed
Optimization Effort                : 1
Keep Hierarchy                     : No
Netlist Hierarchy                  : As_Optimized
RTL Output                         : Yes
Global Optimization                : AllClockNets
Read Cores                         : YES
Write Timing Constraints           : NO
Cross Clock Analysis               : NO
Hierarchy Separator                : /
Bus Delimiter                      : <>
Case Specifier                     : Maintain
Slice Utilization Ratio            : 100
BRAM Utilization Ratio             : 100
Verilog 2001                       : YES
Auto BRAM Packing                  : NO
Slice Utilization Ratio Delta      : 5

---- Other Options
Cores Search Directories           : {"ipcore_dir"  }

=========================================================================


=========================================================================
*                          HDL Compilation                              *
=========================================================================
Compiling verilog file "VGA_controller.v" in library work
Compiling verilog file "text_gen.v" in library work
Module <VGAcontroller> compiled
Compiling verilog file "SoundGen.v" in library work
Module <text_gen> compiled
Compiling verilog file "ScoreTracker.v" in library work
Module <SoundGen> compiled
Compiling verilog file "PS2MouseTransmitter.v" in library work
Module <ScoreTracker> compiled
Compiling verilog file "PS2MouseReceiver.v" in library work
Module <PS2MouseTransmitter> compiled
Compiling verilog file "PS2MouseController.v" in library work
Module <PS2MouseReceiver> compiled
Compiling verilog file "pix_Controller.v" in library work
Module <PS2MouseController> compiled
Compiling verilog file "mouse_posn.v" in library work
Module <pix_Controller> compiled
Compiling verilog file "clkgen.v" in library work
Module <mouse_posn> compiled
Compiling verilog file "ipcore_dir/CharBank.v" in library work
Module <clkgen> compiled
Compiling verilog file "ImageGen.v" in library work
Module <CharBank> compiled
Compiling verilog file "Ball_engine.v" in library work
Module <ImageGen> compiled
Compiling verilog file "main.v" in library work
Module <Ball_engine> compiled
Module <main> compiled
No errors in compilation
Analysis of file <"main.prj"> succeeded.
 

=========================================================================
*                     Design Hierarchy Analysis                         *
=========================================================================
Analyzing hierarchy for module <main> in library <work>.

Analyzing hierarchy for module <clkgen> in library <work>.

Analyzing hierarchy for module <VGAcontroller> in library <work>.

Analyzing hierarchy for module <text_gen> in library <work>.

Analyzing hierarchy for module <ScoreTracker> in library <work>.

Analyzing hierarchy for module <Ball_engine> in library <work> with parameters.
	Hmax = "00000000000000000000001000100000"
	Hmin = "00000000000000000000000001100000"
	Vmax = "00000000000000000000000111010000"
	Vmin = "00000000000000000000000010110000"

Analyzing hierarchy for module <SoundGen> in library <work>.

Analyzing hierarchy for module <ImageGen> in library <work> with parameters.
	height = "00000000000000000000000000010000"
	width = "00000000000000000000000000100000"

Analyzing hierarchy for module <pix_Controller> in library <work>.

Analyzing hierarchy for module <PS2MouseController> in library <work>.

Analyzing hierarchy for module <PS2MouseTransmitter> in library <work> with parameters.
	ACK_CLK_LOW = "1110"
	ACK_DATA_LOW = "1101"
	DATA0 = "0011"
	DATA1 = "0100"
	DATA2 = "0101"
	DATA3 = "0110"
	DATA4 = "0111"
	DATA5 = "1000"
	DATA6 = "1001"
	DATA7 = "1010"
	HOLD_CLK = "0001"
	IDLE = "0000"
	PARITY = "1011"
	START_BIT = "0010"
	STOP = "1100"
	TX_END = "1111"

Analyzing hierarchy for module <PS2MouseReceiver> in library <work>.

Analyzing hierarchy for module <mouse_posn> in library <work>.


=========================================================================
*                            HDL Analysis                               *
=========================================================================
Analyzing top module <main>.
WARNING:Xst:863 - "main.v" line 36: Name conflict (<PushBtn> and <pushbtn>, renaming PushBtn as pushbtn_rnm0).
WARNING:Xst:2211 - "ipcore_dir/CharBank.v" line 93: Instantiating black box module <CharBank>.
Module <main> is correct for synthesis.
 
Analyzing module <clkgen> in library <work>.
Module <clkgen> is correct for synthesis.
 
    Set user-defined property "CAPACITANCE =  DONT_CARE" for instance <CLKIN_IBUFG_INST> in unit <clkgen>.
    Set user-defined property "IBUF_DELAY_VALUE =  0" for instance <CLKIN_IBUFG_INST> in unit <clkgen>.
    Set user-defined property "IBUF_LOW_PWR =  TRUE" for instance <CLKIN_IBUFG_INST> in unit <clkgen>.
    Set user-defined property "IOSTANDARD =  DEFAULT" for instance <CLKIN_IBUFG_INST> in unit <clkgen>.
    Set user-defined property "CLKDV_DIVIDE =  2.000000" for instance <DCM_SP_INST> in unit <clkgen>.
    Set user-defined property "CLKFX_DIVIDE =  1" for instance <DCM_SP_INST> in unit <clkgen>.
    Set user-defined property "CLKFX_MULTIPLY =  4" for instance <DCM_SP_INST> in unit <clkgen>.
    Set user-defined property "CLKIN_DIVIDE_BY_2 =  FALSE" for instance <DCM_SP_INST> in unit <clkgen>.
    Set user-defined property "CLKIN_PERIOD =  40.000000" for instance <DCM_SP_INST> in unit <clkgen>.
    Set user-defined property "CLKOUT_PHASE_SHIFT =  NONE" for instance <DCM_SP_INST> in unit <clkgen>.
    Set user-defined property "CLK_FEEDBACK =  1X" for instance <DCM_SP_INST> in unit <clkgen>.
    Set user-defined property "DESKEW_ADJUST =  SYSTEM_SYNCHRONOUS" for instance <DCM_SP_INST> in unit <clkgen>.
    Set user-defined property "DFS_FREQUENCY_MODE =  LOW" for instance <DCM_SP_INST> in unit <clkgen>.
    Set user-defined property "DLL_FREQUENCY_MODE =  LOW" for instance <DCM_SP_INST> in unit <clkgen>.
    Set user-defined property "DSS_MODE =  NONE" for instance <DCM_SP_INST> in unit <clkgen>.
    Set user-defined property "DUTY_CYCLE_CORRECTION =  TRUE" for instance <DCM_SP_INST> in unit <clkgen>.
    Set user-defined property "FACTORY_JF =  C080" for instance <DCM_SP_INST> in unit <clkgen>.
    Set user-defined property "PHASE_SHIFT =  0" for instance <DCM_SP_INST> in unit <clkgen>.
    Set user-defined property "STARTUP_WAIT =  FALSE" for instance <DCM_SP_INST> in unit <clkgen>.
Analyzing module <VGAcontroller> in library <work>.
Module <VGAcontroller> is correct for synthesis.
 
Analyzing module <text_gen> in library <work>.
Module <text_gen> is correct for synthesis.
 
Analyzing module <ScoreTracker> in library <work>.
Module <ScoreTracker> is correct for synthesis.
 
Analyzing module <Ball_engine> in library <work>.
	Hmax = 32'sb00000000000000000000001000100000
	Hmin = 32'sb00000000000000000000000001100000
	Vmax = 32'sb00000000000000000000000111010000
	Vmin = 32'sb00000000000000000000000010110000
Module <Ball_engine> is correct for synthesis.
 
Analyzing module <SoundGen> in library <work>.
Module <SoundGen> is correct for synthesis.
 
Analyzing module <ImageGen> in library <work>.
	height = 32'sb00000000000000000000000000010000
	width = 32'sb00000000000000000000000000100000
Module <ImageGen> is correct for synthesis.
 
Analyzing module <pix_Controller> in library <work>.
Module <pix_Controller> is correct for synthesis.
 
Analyzing module <PS2MouseController> in library <work>.
Module <PS2MouseController> is correct for synthesis.
 
Analyzing module <PS2MouseTransmitter> in library <work>.
	ACK_CLK_LOW = 4'b1110
	ACK_DATA_LOW = 4'b1101
	DATA0 = 4'b0011
	DATA1 = 4'b0100
	DATA2 = 4'b0101
	DATA3 = 4'b0110
	DATA4 = 4'b0111
	DATA5 = 4'b1000
	DATA6 = 4'b1001
	DATA7 = 4'b1010
	HOLD_CLK = 4'b0001
	IDLE = 4'b0000
	PARITY = 4'b1011
	START_BIT = 4'b0010
	STOP = 4'b1100
	TX_END = 4'b1111
Module <PS2MouseTransmitter> is correct for synthesis.
 
Analyzing module <PS2MouseReceiver> in library <work>.
Module <PS2MouseReceiver> is correct for synthesis.
 
Analyzing module <mouse_posn> in library <work>.
Module <mouse_posn> is correct for synthesis.
 

=========================================================================
*                           HDL Synthesis                               *
=========================================================================

Performing bidirectional port resolution...
INFO:Xst:2679 - Register <Hsp> in unit <Ball_engine> has a constant value of 0000000100 during circuit operation. The register is replaced by logic.
INFO:Xst:2679 - Register <Vsp> in unit <Ball_engine> has a constant value of 0000000100 during circuit operation. The register is replaced by logic.

Synthesizing Unit <VGAcontroller>.
    Related source file is "VGA_controller.v".
    Found 1-bit register for signal <Vsync>.
    Found 10-bit register for signal <Hcounter>.
    Found 10-bit register for signal <Vcounter>.
    Found 1-bit register for signal <Hsync>.
    Found 10-bit adder for signal <Hcounter_next$addsub0000> created at line 47.
    Found 10-bit comparator less for signal <Hsync_next$cmp_lt0000> created at line 49.
    Found 10-bit comparator less for signal <Hsync_next$cmp_lt0001> created at line 49.
    Found 10-bit comparator greatequal for signal <Vcounter$cmp_ge0000> created at line 62.
    Found 10-bit adder for signal <Vcounter_next$addsub0000> created at line 48.
    Found 10-bit comparator greatequal for signal <Vcounter_next$cmp_ge0000> created at line 48.
    Found 10-bit comparator less for signal <Vsync_next$cmp_lt0000> created at line 50.
    Found 10-bit comparator less for signal <Vsync_next$cmp_lt0001> created at line 50.
    Summary:
	inferred  22 D-type flip-flop(s).
	inferred   2 Adder/Subtractor(s).
	inferred   6 Comparator(s).
Unit <VGAcontroller> synthesized.


Synthesizing Unit <text_gen>.
    Related source file is "text_gen.v".
WARNING:Xst:647 - Input <Vcounter<9:4>> is never used. This port will be preserved and left unconnected if it belongs to a top-level block or it belongs to a sub-block and the hierarchy of this sub-block is preserved.
WARNING:Xst:647 - Input <Locked> is never used. This port will be preserved and left unconnected if it belongs to a top-level block or it belongs to a sub-block and the hierarchy of this sub-block is preserved.
    Found 10-bit comparator greatequal for signal <CharAddr_11$cmp_ge0000> created at line 67.
    Found 10-bit comparator greatequal for signal <CharAddr_11$cmp_ge0001> created at line 68.
    Found 10-bit comparator greatequal for signal <CharAddr_11$cmp_ge0002> created at line 69.
    Found 10-bit comparator greatequal for signal <CharAddr_11$cmp_ge0003> created at line 70.
    Found 10-bit comparator greatequal for signal <CharAddr_11$cmp_ge0004> created at line 71.
    Found 10-bit comparator greatequal for signal <CharAddr_11$cmp_ge0005> created at line 72.
    Found 10-bit comparator greatequal for signal <CharAddr_11$cmp_ge0006> created at line 73.
    Found 10-bit comparator greatequal for signal <CharAddr_11$cmp_ge0007> created at line 74.
    Found 10-bit comparator greatequal for signal <CharAddr_11$cmp_ge0008> created at line 75.
    Found 10-bit comparator greatequal for signal <CharAddr_11$cmp_ge0009> created at line 76.
    Found 10-bit comparator greatequal for signal <CharAddr_11$cmp_ge0010> created at line 77.
    Found 10-bit comparator greatequal for signal <CharAddr_11$cmp_ge0011> created at line 78.
    Found 10-bit comparator greatequal for signal <CharAddr_11$cmp_ge0012> created at line 79.
    Found 10-bit comparator greatequal for signal <CharAddr_11$cmp_ge0013> created at line 80.
    Found 10-bit comparator greatequal for signal <CharAddr_11$cmp_ge0014> created at line 81.
    Found 10-bit comparator greatequal for signal <CharAddr_11$cmp_ge0015> created at line 82.
    Found 10-bit comparator greatequal for signal <CharAddr_11$cmp_ge0016> created at line 83.
    Found 10-bit comparator greatequal for signal <CharAddr_11$cmp_ge0017> created at line 84.
    Found 10-bit comparator greatequal for signal <CharAddr_11$cmp_ge0018> created at line 85.
    Found 10-bit comparator greatequal for signal <CharAddr_11$cmp_ge0019> created at line 86.
    Found 10-bit comparator greatequal for signal <CharAddr_11$cmp_ge0020> created at line 87.
    Found 10-bit comparator greatequal for signal <CharAddr_11$cmp_ge0021> created at line 88.
    Found 10-bit comparator greatequal for signal <CharAddr_11$cmp_ge0022> created at line 89.
    Found 10-bit comparator greatequal for signal <CharAddr_11$cmp_ge0023> created at line 90.
    Found 10-bit comparator greatequal for signal <CharAddr_11$cmp_ge0024> created at line 91.
    Found 10-bit comparator greatequal for signal <CharAddr_11$cmp_ge0025> created at line 92.
    Found 10-bit comparator greatequal for signal <CharAddr_11$cmp_ge0026> created at line 93.
    Found 10-bit comparator greatequal for signal <CharAddr_11$cmp_ge0027> created at line 94.
    Found 10-bit comparator greatequal for signal <CharAddr_11$cmp_ge0028> created at line 95.
    Found 10-bit comparator greatequal for signal <CharAddr_11$cmp_ge0029> created at line 96.
    Found 10-bit comparator greatequal for signal <CharAddr_11$cmp_ge0030> created at line 97.
    Found 10-bit comparator greatequal for signal <CharAddr_11$cmp_ge0031> created at line 98.
    Found 10-bit comparator greatequal for signal <CharAddr_11$cmp_ge0032> created at line 99.
    Found 10-bit comparator greatequal for signal <CharAddr_11$cmp_ge0033> created at line 100.
    Found 10-bit comparator greatequal for signal <CharAddr_11$cmp_ge0034> created at line 101.
    Found 10-bit comparator less for signal <CharAddr_11$cmp_lt0000> created at line 67.
    Found 10-bit comparator less for signal <CharAddr_11$cmp_lt0001> created at line 68.
    Found 10-bit comparator less for signal <CharAddr_11$cmp_lt0002> created at line 69.
    Found 10-bit comparator less for signal <CharAddr_11$cmp_lt0003> created at line 70.
    Found 10-bit comparator less for signal <CharAddr_11$cmp_lt0004> created at line 71.
    Found 10-bit comparator less for signal <CharAddr_11$cmp_lt0005> created at line 72.
    Found 10-bit comparator less for signal <CharAddr_11$cmp_lt0006> created at line 73.
    Found 10-bit comparator less for signal <CharAddr_11$cmp_lt0007> created at line 74.
    Found 10-bit comparator less for signal <CharAddr_11$cmp_lt0008> created at line 75.
    Found 10-bit comparator less for signal <CharAddr_11$cmp_lt0009> created at line 76.
    Found 10-bit comparator less for signal <CharAddr_11$cmp_lt0010> created at line 77.
    Found 10-bit comparator less for signal <CharAddr_11$cmp_lt0011> created at line 78.
    Found 10-bit comparator less for signal <CharAddr_11$cmp_lt0012> created at line 79.
    Found 10-bit comparator less for signal <CharAddr_11$cmp_lt0013> created at line 80.
    Found 10-bit comparator less for signal <CharAddr_11$cmp_lt0014> created at line 81.
    Found 10-bit comparator less for signal <CharAddr_11$cmp_lt0015> created at line 82.
    Found 10-bit comparator less for signal <CharAddr_11$cmp_lt0016> created at line 83.
    Found 10-bit comparator less for signal <CharAddr_11$cmp_lt0017> created at line 84.
    Found 10-bit comparator less for signal <CharAddr_11$cmp_lt0018> created at line 85.
    Found 10-bit comparator less for signal <CharAddr_11$cmp_lt0019> created at line 86.
    Found 10-bit comparator less for signal <CharAddr_11$cmp_lt0020> created at line 87.
    Found 10-bit comparator less for signal <CharAddr_11$cmp_lt0021> created at line 88.
    Found 10-bit comparator less for signal <CharAddr_11$cmp_lt0022> created at line 89.
    Found 10-bit comparator less for signal <CharAddr_11$cmp_lt0023> created at line 90.
    Found 10-bit comparator less for signal <CharAddr_11$cmp_lt0024> created at line 91.
    Found 10-bit comparator less for signal <CharAddr_11$cmp_lt0025> created at line 92.
    Found 10-bit comparator less for signal <CharAddr_11$cmp_lt0026> created at line 93.
    Found 10-bit comparator less for signal <CharAddr_11$cmp_lt0027> created at line 94.
    Found 10-bit comparator less for signal <CharAddr_11$cmp_lt0028> created at line 95.
    Found 10-bit comparator less for signal <CharAddr_11$cmp_lt0029> created at line 96.
    Found 10-bit comparator less for signal <CharAddr_11$cmp_lt0030> created at line 97.
    Found 10-bit comparator less for signal <CharAddr_11$cmp_lt0031> created at line 98.
    Found 10-bit comparator less for signal <CharAddr_11$cmp_lt0032> created at line 99.
    Found 10-bit comparator less for signal <CharAddr_11$cmp_lt0033> created at line 100.
    Found 10-bit comparator less for signal <CharAddr_11$cmp_lt0034> created at line 101.
    Found 4-bit up counter for signal <counter>.
    Found 5-bit adder for signal <HitScoreChar>.
    Found 5-bit adder for signal <MissScoreChar>.
    Summary:
	inferred   1 Counter(s).
	inferred   2 Adder/Subtractor(s).
	inferred  70 Comparator(s).
Unit <text_gen> synthesized.


Synthesizing Unit <ScoreTracker>.
    Related source file is "ScoreTracker.v".
WARNING:Xst:647 - Input <reset_score> is never used. This port will be preserved and left unconnected if it belongs to a top-level block or it belongs to a sub-block and the hierarchy of this sub-block is preserved.
    Found finite state machine <FSM_0> for signal <curr_state>.
    -----------------------------------------------------------------------
    | States             | 3                                              |
    | Transitions        | 7                                              |
    | Inputs             | 2                                              |
    | Outputs            | 3                                              |
    | Clock              | clk                       (rising_edge)        |
    | Reset              | Locked                    (negative)           |
    | Reset type         | synchronous                                    |
    | Reset State        | 00                                             |
    | Encoding           | automatic                                      |
    | Implementation     | LUT                                            |
    -----------------------------------------------------------------------
    Found 4-bit register for signal <HitScore>.
    Found 4-bit register for signal <MissScore>.
    Found 10-bit adder carry out for signal <add0000$addsub0000> created at line 44.
    Found 4-bit adder for signal <next_HitScore$addsub0000> created at line 75.
    Found 4-bit adder for signal <next_MissScore$addsub0000> created at line 78.
    Found 12-bit comparator greatequal for signal <PaddleHit$cmp_ge0000> created at line 44.
    Found 10-bit comparator greatequal for signal <PaddleHit$cmp_ge0001> created at line 44.
    Found 11-bit comparator lessequal for signal <PaddleHit$cmp_le0000> created at line 44.
    Found 12-bit subtractor for signal <PaddleHit$sub0000> created at line 44.
    Found 10-bit comparator greatequal for signal <PaddleMiss$cmp_ge0000> created at line 45.
    Summary:
	inferred   1 Finite State Machine(s).
	inferred   8 D-type flip-flop(s).
	inferred   4 Adder/Subtractor(s).
	inferred   4 Comparator(s).
Unit <ScoreTracker> synthesized.


Synthesizing Unit <Ball_engine>.
    Related source file is "Ball_engine.v".
WARNING:Xst:647 - Input <Hcounter> is never used. This port will be preserved and left unconnected if it belongs to a top-level block or it belongs to a sub-block and the hierarchy of this sub-block is preserved.
WARNING:Xst:647 - Input <Vcounter> is never used. This port will be preserved and left unconnected if it belongs to a top-level block or it belongs to a sub-block and the hierarchy of this sub-block is preserved.
    Found 1-bit register for signal <trig_sound>.
    Found 10-bit register for signal <Hcen>.
    Found 10-bit register for signal <Vcen>.
    Found 20-bit up counter for signal <count>.
    Found 1-bit register for signal <follower_Hst>.
    Found 1-bit register for signal <follower_Vst>.
    Found 1-bit xor2 for signal <follower_Vst$xor0000> created at line 81.
    Found 1-bit xor2 for signal <follower_Vst$xor0001> created at line 81.
    Found 10-bit adder for signal <Hcen_next$add0000> created at line 75.
    Found 10-bit subtractor for signal <Hcen_next$addsub0000> created at line 75.
    Found 1-bit register for signal <Hst>.
    Found 10-bit comparator greater for signal <Hst$cmp_gt0000> created at line 99.
    Found 10-bit comparator lessequal for signal <Hst$cmp_le0000> created at line 99.
    Found 11-bit comparator less for signal <Hst$cmp_lt0000> created at line 102.
    Found 10-bit adder for signal <Vcen_next$add0000> created at line 76.
    Found 10-bit subtractor for signal <Vcen_next$addsub0000> created at line 76.
    Found 1-bit register for signal <Vst>.
    Found 10-bit comparator greater for signal <Vst$cmp_gt0000> created at line 108.
    Found 10-bit comparator lessequal for signal <Vst$cmp_le0000> created at line 108.
    Found 10-bit comparator less for signal <Vst$cmp_lt0000> created at line 111.
    Summary:
	inferred   1 Counter(s).
	inferred   5 D-type flip-flop(s).
	inferred   4 Adder/Subtractor(s).
	inferred   6 Comparator(s).
Unit <Ball_engine> synthesized.


Synthesizing Unit <SoundGen>.
    Related source file is "SoundGen.v".
    Found finite state machine <FSM_1> for signal <curr_state>.
    -----------------------------------------------------------------------
    | States             | 3                                              |
    | Transitions        | 7                                              |
    | Inputs             | 3                                              |
    | Outputs            | 3                                              |
    | Clock              | clk                       (rising_edge)        |
    | Reset              | Locked                    (negative)           |
    | Reset type         | synchronous                                    |
    | Reset State        | 00                                             |
    | Encoding           | automatic                                      |
    | Implementation     | LUT                                            |
    -----------------------------------------------------------------------
    Found 16-bit up counter for signal <ClkDivider>.
    Found 25-bit register for signal <count>.
    Found 6-bit register for signal <delay_input>.
    Found 25-bit adder for signal <next_count$addsub0000>.
    Summary:
	inferred   1 Finite State Machine(s).
	inferred   1 Counter(s).
	inferred  31 D-type flip-flop(s).
	inferred   1 Adder/Subtractor(s).
Unit <SoundGen> synthesized.


Synthesizing Unit <ImageGen>.
    Related source file is "ImageGen.v".
    Found 10-bit adder carry out for signal <add0000$addsub0000> created at line 66.
    Found 21-bit comparator lessequal for signal <BallGen$cmp_le0000> created at line 78.
    Found 20-bit adder for signal <Dst>.
    Found 10-bit subtractor for signal <Hdiff>.
    Found 10x10-bit multiplier for signal <Hsq>.
    Found 12-bit comparator greatequal for signal <PaddleGen$cmp_ge0000> created at line 66.
    Found 11-bit comparator lessequal for signal <PaddleGen$cmp_le0000> created at line 66.
    Found 12-bit subtractor for signal <PaddleGen$sub0000> created at line 66.
    Found 10-bit comparator greatequal for signal <PixData$cmp_ge0000> created at line 83.
    Found 10-bit comparator greatequal for signal <PixData$cmp_ge0001> created at line 84.
    Found 10-bit comparator greatequal for signal <PixData$cmp_ge0002> created at line 86.
    Found 10-bit comparator greater for signal <PixData$cmp_gt0000> created at line 84.
    Found 10-bit comparator lessequal for signal <PixData$cmp_le0000> created at line 84.
    Found 10-bit comparator less for signal <PixData$cmp_lt0000> created at line 83.
    Found 10-bit comparator less for signal <PixData$cmp_lt0001> created at line 83.
    Found 10-bit subtractor for signal <Vdiff>.
    Found 10x10-bit multiplier for signal <Vsq>.
    Summary:
	inferred   5 Adder/Subtractor(s).
	inferred   2 Multiplier(s).
	inferred  10 Comparator(s).
Unit <ImageGen> synthesized.


Synthesizing Unit <pix_Controller>.
    Related source file is "pix_Controller.v".
WARNING:Xst:647 - Input <Vcounter> is never used. This port will be preserved and left unconnected if it belongs to a top-level block or it belongs to a sub-block and the hierarchy of this sub-block is preserved.
    Found 2-bit register for signal <Blue>.
    Found 3-bit register for signal <Green>.
    Found 3-bit register for signal <Red>.
    Found 10-bit comparator less for signal <Red$cmp_lt0000> created at line 56.
    Summary:
	inferred   8 D-type flip-flop(s).
	inferred   1 Comparator(s).
Unit <pix_Controller> synthesized.


Synthesizing Unit <PS2MouseController>.
    Related source file is "PS2MouseController.v".
    Found finite state machine <FSM_2> for signal <curr_state>.
    -----------------------------------------------------------------------
    | States             | 11                                             |
    | Transitions        | 32                                             |
    | Inputs             | 7                                              |
    | Outputs            | 13                                             |
    | Clock              | clk                       (rising_edge)        |
    | Reset              | reset                     (positive)           |
    | Reset type         | synchronous                                    |
    | Reset State        | 0000                                           |
    | Encoding           | automatic                                      |
    | Implementation     | LUT                                            |
    -----------------------------------------------------------------------
    Found 8-bit register for signal <curr_cmd_buf>.
    Found 1-bit register for signal <curr_packet_complete>.
    Found 1-bit register for signal <curr_rx_buf>.
    Found 1-bit register for signal <curr_rx_en>.
    Found 1-bit register for signal <curr_trig_send>.
    Found 16-bit register for signal <curr_wait_count>.
    Found 8-bit register for signal <curr_Xbuf>.
    Found 8-bit register for signal <curr_Ybuf>.
    Found 8-bit register for signal <curr_Zbuf>.
    Found 16-bit adder for signal <next_wait_count$addsub0000> created at line 110.
    Summary:
	inferred   1 Finite State Machine(s).
	inferred  52 D-type flip-flop(s).
	inferred   1 Adder/Subtractor(s).
Unit <PS2MouseController> synthesized.


Synthesizing Unit <PS2MouseTransmitter>.
    Related source file is "PS2MouseTransmitter.v".
    Found finite state machine <FSM_3> for signal <curr_state>.
    -----------------------------------------------------------------------
    | States             | 16                                             |
    | Transitions        | 33                                             |
    | Inputs             | 6                                              |
    | Outputs            | 17                                             |
    | Clock              | clk                       (rising_edge)        |
    | Reset              | locked                    (negative)           |
    | Reset type         | synchronous                                    |
    | Reset State        | 0000                                           |
    | Encoding           | automatic                                      |
    | Implementation     | LUT                                            |
    -----------------------------------------------------------------------
    Found 1-bit register for signal <curr_ps2data_en>.
    Found 1-bit register for signal <curr_ps2clk_en>.
    Found 1-bit register for signal <curr_dout>.
    Found 1-bit register for signal <curr_data_sent>.
    Found 8-bit register for signal <curr_data_to_send>.
    Found 1-bit register for signal <curr_hold_ps2clk_en>.
    Found 12-bit up counter for signal <hold_count>.
    Found 1-bit xor8 for signal <next_dout$xor0000>.
    Found 1-bit register for signal <ps2clk_in>.
    Found 1-bit register for signal <ps2data_in>.
    Summary:
	inferred   1 Finite State Machine(s).
	inferred   1 Counter(s).
	inferred  15 D-type flip-flop(s).
	inferred   1 Xor(s).
Unit <PS2MouseTransmitter> synthesized.


Synthesizing Unit <PS2MouseReceiver>.
    Related source file is "PS2MouseReceiver.v".
    Found finite state machine <FSM_4> for signal <curr_state>.
    -----------------------------------------------------------------------
    | States             | 5                                              |
    | Transitions        | 13                                             |
    | Inputs             | 5                                              |
    | Outputs            | 9                                              |
    | Clock              | clk                       (rising_edge)        |
    | Reset              | Locked                    (negative)           |
    | Reset type         | synchronous                                    |
    | Reset State        | 000                                            |
    | Encoding           | automatic                                      |
    | Implementation     | LUT                                            |
    -----------------------------------------------------------------------
    Found 4-bit register for signal <curr_bitcount>.
    Found 2-bit register for signal <curr_errorcode>.
    Found 1-bit register for signal <curr_rx_complete>.
    Found 8-bit register for signal <curr_rxbuf>.
    Found 16-bit register for signal <curr_timeoutcount>.
    Found 4-bit adder for signal <next_bitcount$addsub0000> created at line 119.
    Found 1-bit xor8 for signal <next_errorcode_0$xor0000>.
    Found 1-bit xor2 for signal <next_errorcode_0$xor0001> created at line 129.
    Found 1-bit register for signal <ps2clk_in>.
    Found 1-bit register for signal <ps2data_in>.
    Found 1-bit register for signal <ps2data_q>.
    Summary:
	inferred   1 Finite State Machine(s).
	inferred  34 D-type flip-flop(s).
	inferred   2 Adder/Subtractor(s).
	inferred   1 Xor(s).
Unit <PS2MouseReceiver> synthesized.


Synthesizing Unit <mouse_posn>.
    Related source file is "mouse_posn.v".
WARNING:Xst:647 - Input <StatusByte<3:0>> is never used. This port will be preserved and left unconnected if it belongs to a top-level block or it belongs to a sub-block and the hierarchy of this sub-block is preserved.
WARNING:Xst:737 - Found 10-bit latch for signal <next_Xposn>. Latches may be generated from incomplete case or if statements. We do not recommend the use of latches in FPGA/CPLD designs, as they may lead to timing problems.
WARNING:Xst:737 - Found 10-bit latch for signal <next_Yposn>. Latches may be generated from incomplete case or if statements. We do not recommend the use of latches in FPGA/CPLD designs, as they may lead to timing problems.
    Found 10-bit register for signal <Xposn>.
    Found 10-bit register for signal <Yposn>.
    Found 10-bit adder for signal <next_Xposn$addsub0000> created at line 59.
    Found 10-bit comparator greater for signal <next_Xposn$cmp_gt0000> created at line 57.
    Found 10-bit comparator less for signal <next_Xposn$cmp_lt0000> created at line 58.
    Found 10-bit subtractor for signal <next_Yposn$addsub0000> created at line 65.
    Found 10-bit comparator greater for signal <next_Yposn$cmp_gt0000> created at line 63.
    Found 10-bit comparator less for signal <next_Yposn$cmp_lt0000> created at line 64.
    Summary:
	inferred  20 D-type flip-flop(s).
	inferred   2 Adder/Subtractor(s).
	inferred   4 Comparator(s).
Unit <mouse_posn> synthesized.


Synthesizing Unit <clkgen>.
    Related source file is "clkgen.v".
Unit <clkgen> synthesized.


Synthesizing Unit <main>.
    Related source file is "main.v".
WARNING:Xst:647 - Input <switch> is never used. This port will be preserved and left unconnected if it belongs to a top-level block or it belongs to a sub-block and the hierarchy of this sub-block is preserved.
WARNING:Xst:653 - Signal <pushbtn_rnm0> is used but never assigned. This sourceless signal will be automatically connected to value 0.
WARNING:Xst:646 - Signal <debug_PS2Mouse> is assigned but never used. This unconnected signal will be trimmed during the optimization process.
    Found 1-bit tristate buffer for signal <PS2_CLK>.
    Found 1-bit tristate buffer for signal <PS2_DAT>.
    Found 1-bit register for signal <ClkMouseIn>.
    Found 8-bit register for signal <MouseClkFilter>.
    Summary:
	inferred   9 D-type flip-flop(s).
	inferred   2 Tristate(s).
Unit <main> synthesized.

INFO:Xst:1767 - HDL ADVISOR - Resource sharing has identified that some arithmetic operations in this design can share the same physical resources for reduced device utilization. For improved clock frequency you may try to disable resource sharing.

=========================================================================
HDL Synthesis Report

Macro Statistics
# Multipliers                                          : 2
 10x10-bit multiplier                                  : 2
# Adders/Subtractors                                   : 23
 10-bit adder                                          : 5
 10-bit adder carry out                                : 2
 10-bit subtractor                                     : 5
 12-bit subtractor                                     : 2
 16-bit adder                                          : 2
 20-bit adder                                          : 1
 25-bit adder                                          : 1
 4-bit adder                                           : 3
 5-bit adder                                           : 2
# Counters                                             : 4
 12-bit up counter                                     : 1
 16-bit up counter                                     : 1
 20-bit up counter                                     : 1
 4-bit up counter                                      : 1
# Registers                                            : 58
 1-bit register                                        : 36
 10-bit register                                       : 6
 16-bit register                                       : 2
 2-bit register                                        : 2
 25-bit register                                       : 1
 3-bit register                                        : 2
 4-bit register                                        : 3
 8-bit register                                        : 6
# Latches                                              : 2
 10-bit latch                                          : 2
# Comparators                                          : 101
 10-bit comparator greatequal                          : 42
 10-bit comparator greater                             : 5
 10-bit comparator less                                : 45
 10-bit comparator lessequal                           : 3
 11-bit comparator less                                : 1
 11-bit comparator lessequal                           : 2
 12-bit comparator greatequal                          : 2
 21-bit comparator lessequal                           : 1
# Tristates                                            : 2
 1-bit tristate buffer                                 : 2
# Xors                                                 : 5
 1-bit xor2                                            : 3
 1-bit xor8                                            : 2

=========================================================================

=========================================================================
*                       Advanced HDL Synthesis                          *
=========================================================================

Analyzing FSM <FSM_4> for best encoding.
Optimizing FSM <PS2_interface_rx/curr_state/FSM> on signal <curr_state[1:3]> with gray encoding.
-------------------
 State | Encoding
-------------------
 000   | 000
 001   | 001
 010   | 011
 011   | 010
 100   | 110
-------------------
Analyzing FSM <FSM_3> for best encoding.
Optimizing FSM <PS2_interface_tx/curr_state/FSM> on signal <curr_state[1:16]> with one-hot encoding.
---------------------------
 State | Encoding
---------------------------
 0000  | 0000000000000001
 0001  | 0000000000000010
 0010  | 0000000000000100
 0011  | 0000000000001000
 0100  | 0000000000010000
 0101  | 0000000000100000
 0110  | 0000000001000000
 0111  | 0000000010000000
 1000  | 0000000100000000
 1001  | 0000001000000000
 1010  | 0000010000000000
 1011  | 0000100000000000
 1100  | 0001000000000000
 1101  | 0010000000000000
 1110  | 0100000000000000
 1111  | 1000000000000000
---------------------------
Analyzing FSM <FSM_2> for best encoding.
Optimizing FSM <PS2_interface_controller/curr_state/FSM> on signal <curr_state[1:11]> with one-hot encoding.
----------------------
 State | Encoding
----------------------
 0000  | 00000000001
 0001  | 00000000010
 0010  | 00000000100
 0011  | 00000001000
 0100  | 00000010000
 0101  | 00000100000
 0110  | 00001000000
 0111  | 00010000000
 1000  | 00100000000
 1001  | 01000000000
 1010  | 10000000000
----------------------
Analyzing FSM <FSM_1> for best encoding.
Optimizing FSM <BoomBox/curr_state/FSM> on signal <curr_state[1:2]> with user encoding.
-------------------
 State | Encoding
-------------------
 00    | 00
 01    | 01
 10    | 10
-------------------
Analyzing FSM <FSM_0> for best encoding.
Optimizing FSM <ScoreTrackerModule/curr_state/FSM> on signal <curr_state[1:2]> with user encoding.
-------------------
 State | Encoding
-------------------
 00    | 00
 01    | 01
 10    | 10
-------------------
Reading core <ipcore_dir/CharBank.ngc>.
Loading core <CharBank> for timing and area information for instance <CharacterBank>.
INFO:Xst:2261 - The FF/Latch <curr_hold_ps2clk_en> in Unit <PS2_interface_tx> is equivalent to the following FF/Latch, which will be removed : <curr_ps2clk_en> 
WARNING:Xst:2677 - Node <curr_Zbuf_0> of sequential type is unconnected in block <PS2_interface_controller>.
WARNING:Xst:2677 - Node <curr_Zbuf_1> of sequential type is unconnected in block <PS2_interface_controller>.
WARNING:Xst:2677 - Node <curr_Zbuf_2> of sequential type is unconnected in block <PS2_interface_controller>.
WARNING:Xst:2677 - Node <curr_Zbuf_3> of sequential type is unconnected in block <PS2_interface_controller>.
WARNING:Xst:2677 - Node <curr_Zbuf_5> of sequential type is unconnected in block <PS2_interface_controller>.
WARNING:Xst:2677 - Node <curr_Zbuf_7> of sequential type is unconnected in block <PS2_interface_controller>.

=========================================================================
Advanced HDL Synthesis Report

Macro Statistics
# FSMs                                                 : 5
# Multipliers                                          : 2
 10x10-bit multiplier                                  : 2
# Adders/Subtractors                                   : 23
 10-bit adder                                          : 5
 10-bit adder carry out                                : 2
 10-bit subtractor                                     : 5
 12-bit subtractor                                     : 2
 16-bit adder                                          : 2
 20-bit adder                                          : 1
 25-bit adder                                          : 1
 4-bit adder                                           : 3
 5-bit adder                                           : 2
# Counters                                             : 4
 12-bit up counter                                     : 1
 16-bit up counter                                     : 1
 20-bit up counter                                     : 1
 4-bit up counter                                      : 1
# Registers                                            : 223
 Flip-Flops                                            : 223
# Latches                                              : 2
 10-bit latch                                          : 2
# Comparators                                          : 101
 10-bit comparator greatequal                          : 42
 10-bit comparator greater                             : 5
 10-bit comparator less                                : 45
 10-bit comparator lessequal                           : 3
 11-bit comparator less                                : 1
 11-bit comparator lessequal                           : 2
 12-bit comparator greatequal                          : 2
 21-bit comparator lessequal                           : 1
# Xors                                                 : 5
 1-bit xor2                                            : 3
 1-bit xor8                                            : 2

=========================================================================

=========================================================================
*                         Low Level Synthesis                           *
=========================================================================
INFO:Xst:2261 - The FF/Latch <curr_ps2clk_en> in Unit <PS2MouseTransmitter> is equivalent to the following FF/Latch, which will be removed : <curr_hold_ps2clk_en> 
WARNING:Xst:2677 - Node <counter_3> of sequential type is unconnected in block <text_gen>.
WARNING:Xst:2677 - Node <ClkDivider_15> of sequential type is unconnected in block <SoundGen>.
WARNING:Xst:1293 - FF/Latch <Vcen_0> has a constant value of 0 in block <Ball_engine>. This FF/Latch will be trimmed during the optimization process.
WARNING:Xst:1896 - Due to other FF/Latch trimming, FF/Latch <Hcen_1> has a constant value of 0 in block <Ball_engine>. This FF/Latch will be trimmed during the optimization process.
WARNING:Xst:1896 - Due to other FF/Latch trimming, FF/Latch <Hcen_0> has a constant value of 0 in block <Ball_engine>. This FF/Latch will be trimmed during the optimization process.

Optimizing unit <main> ...

Optimizing unit <VGAcontroller> ...

Optimizing unit <text_gen> ...

Optimizing unit <ScoreTracker> ...

Optimizing unit <SoundGen> ...

Optimizing unit <ImageGen> ...

Optimizing unit <pix_Controller> ...

Optimizing unit <PS2MouseController> ...

Optimizing unit <PS2MouseTransmitter> ...

Optimizing unit <PS2MouseReceiver> ...

Optimizing unit <Ball_engine> ...

Optimizing unit <mouse_posn> ...
WARNING:Xst:2677 - Node <PS2_interface_controller/curr_Ybuf_7> of sequential type is unconnected in block <main>.
WARNING:Xst:2677 - Node <PS2_interface_controller/curr_Ybuf_6> of sequential type is unconnected in block <main>.
WARNING:Xst:2677 - Node <PS2_interface_controller/curr_Ybuf_5> of sequential type is unconnected in block <main>.
WARNING:Xst:2677 - Node <PS2_interface_controller/curr_Ybuf_4> of sequential type is unconnected in block <main>.
WARNING:Xst:2677 - Node <PS2_interface_controller/curr_Ybuf_3> of sequential type is unconnected in block <main>.
WARNING:Xst:2677 - Node <PS2_interface_controller/curr_Ybuf_2> of sequential type is unconnected in block <main>.
WARNING:Xst:2677 - Node <PS2_interface_controller/curr_Ybuf_1> of sequential type is unconnected in block <main>.
WARNING:Xst:2677 - Node <PS2_interface_controller/curr_Ybuf_0> of sequential type is unconnected in block <main>.
WARNING:Xst:2677 - Node <PS2_interface_controller/curr_Zbuf_7> of sequential type is unconnected in block <main>.
WARNING:Xst:2677 - Node <PS2_interface_controller/curr_Zbuf_5> of sequential type is unconnected in block <main>.
WARNING:Xst:2677 - Node <PS2_interface_controller/curr_Zbuf_3> of sequential type is unconnected in block <main>.
WARNING:Xst:2677 - Node <PS2_interface_controller/curr_Zbuf_2> of sequential type is unconnected in block <main>.
WARNING:Xst:2677 - Node <PS2_interface_controller/curr_Zbuf_1> of sequential type is unconnected in block <main>.
WARNING:Xst:2677 - Node <PS2_interface_controller/curr_Zbuf_0> of sequential type is unconnected in block <main>.
WARNING:Xst:2677 - Node <PaddlePosition/next_Yposn_9> of sequential type is unconnected in block <main>.
WARNING:Xst:2677 - Node <PaddlePosition/next_Yposn_8> of sequential type is unconnected in block <main>.
WARNING:Xst:2677 - Node <PaddlePosition/next_Yposn_7> of sequential type is unconnected in block <main>.
WARNING:Xst:2677 - Node <PaddlePosition/next_Yposn_6> of sequential type is unconnected in block <main>.
WARNING:Xst:2677 - Node <PaddlePosition/next_Yposn_5> of sequential type is unconnected in block <main>.
WARNING:Xst:2677 - Node <PaddlePosition/next_Yposn_4> of sequential type is unconnected in block <main>.
WARNING:Xst:2677 - Node <PaddlePosition/next_Yposn_3> of sequential type is unconnected in block <main>.
WARNING:Xst:2677 - Node <PaddlePosition/next_Yposn_2> of sequential type is unconnected in block <main>.
WARNING:Xst:2677 - Node <PaddlePosition/next_Yposn_1> of sequential type is unconnected in block <main>.
WARNING:Xst:2677 - Node <PaddlePosition/next_Yposn_0> of sequential type is unconnected in block <main>.
WARNING:Xst:2677 - Node <PaddlePosition/Yposn_9> of sequential type is unconnected in block <main>.
WARNING:Xst:2677 - Node <PaddlePosition/Yposn_8> of sequential type is unconnected in block <main>.
WARNING:Xst:2677 - Node <PaddlePosition/Yposn_7> of sequential type is unconnected in block <main>.
WARNING:Xst:2677 - Node <PaddlePosition/Yposn_6> of sequential type is unconnected in block <main>.
WARNING:Xst:2677 - Node <PaddlePosition/Yposn_5> of sequential type is unconnected in block <main>.
WARNING:Xst:2677 - Node <PaddlePosition/Yposn_4> of sequential type is unconnected in block <main>.
WARNING:Xst:2677 - Node <PaddlePosition/Yposn_3> of sequential type is unconnected in block <main>.
WARNING:Xst:2677 - Node <PaddlePosition/Yposn_2> of sequential type is unconnected in block <main>.
WARNING:Xst:2677 - Node <PaddlePosition/Yposn_1> of sequential type is unconnected in block <main>.
WARNING:Xst:2677 - Node <PaddlePosition/Yposn_0> of sequential type is unconnected in block <main>.

Mapping all equations...
Building and optimizing final netlist ...
INFO:Xst:2261 - The FF/Latch <PixController/Blue_1> in Unit <main> is equivalent to the following 3 FFs/Latches, which will be removed : <PixController/Green_2> <PixController/Green_1> <PixController/Green_0> 
INFO:Xst:2261 - The FF/Latch <PixController/Red_2> in Unit <main> is equivalent to the following 2 FFs/Latches, which will be removed : <PixController/Red_1> <PixController/Red_0> 
INFO:Xst:2261 - The FF/Latch <PS2_interface_tx/ps2clk_in> in Unit <main> is equivalent to the following FF/Latch, which will be removed : <PS2_interface_rx/ps2clk_in> 
INFO:Xst:2261 - The FF/Latch <PS2_interface_tx/ps2data_in> in Unit <main> is equivalent to the following FF/Latch, which will be removed : <PS2_interface_rx/ps2data_q> 
Found area constraint ratio of 100 (+ 5) on block main, actual ratio is 67.
FlipFlop PaddlePosition/Xposn_3 has been replicated 1 time(s)
FlipFlop PaddlePosition/Xposn_4 has been replicated 1 time(s)
FlipFlop PaddlePosition/Xposn_5 has been replicated 1 time(s)
FlipFlop PaddlePosition/Xposn_6 has been replicated 1 time(s)
FlipFlop VGAControlModule/Hcounter_0 has been replicated 1 time(s)
FlipFlop VGAControlModule/Hcounter_1 has been replicated 1 time(s)
FlipFlop VGAControlModule/Hcounter_2 has been replicated 1 time(s)
FlipFlop VGAControlModule/Hcounter_3 has been replicated 1 time(s)
FlipFlop PixController/Blue_1 has been replicated 3 time(s) to handle iob=true attribute.
FlipFlop PixController/Red_2 has been replicated 2 time(s) to handle iob=true attribute.

Final Macro Processing ...

Processing Unit <main> :
	Found 6-bit shift register for signal <BoomBox/delay_input_5>.
Unit <main> processed.

=========================================================================
Final Register Report

Macro Statistics
# Registers                                            : 279
 Flip-Flops                                            : 279
# Shift Registers                                      : 1
 6-bit shift register                                  : 1

=========================================================================

=========================================================================
*                           Partition Report                            *
=========================================================================

Partition Implementation Status
-------------------------------

  No Partitions were found in this design.

-------------------------------

=========================================================================
*                            Final Report                               *
=========================================================================
Final Results
RTL Top Level Output File Name     : main.ngr
Top Level Output File Name         : main
Output Format                      : NGC
Optimization Goal                  : Speed
Keep Hierarchy                     : No

Design Statistics
# IOs                              : 31

Cell Usage :
# BELS                             : 1282
#      GND                         : 2
#      INV                         : 27
#      LUT1                        : 117
#      LUT2                        : 147
#      LUT2_D                      : 6
#      LUT2_L                      : 9
#      LUT3                        : 93
#      LUT3_D                      : 11
#      LUT3_L                      : 12
#      LUT4                        : 369
#      LUT4_D                      : 25
#      LUT4_L                      : 32
#      MUXCY                       : 225
#      MUXF5                       : 31
#      VCC                         : 2
#      XORCY                       : 174
# FlipFlops/Latches                : 296
#      FD                          : 12
#      FDC                         : 16
#      FDCE                        : 21
#      FDE                         : 32
#      FDPE                        : 6
#      FDR                         : 148
#      FDRE                        : 12
#      FDRS                        : 32
#      FDRSE                       : 2
#      FDS                         : 5
#      LD                          : 10
# RAMS                             : 1
#      RAMB16BWE                   : 1
# Shift Registers                  : 1
#      SRL16                       : 1
# Clock Buffers                    : 1
#      BUFG                        : 1
# IO Buffers                       : 23
#      IBUF                        : 1
#      IBUFG                       : 1
#      IOBUF                       : 2
#      OBUF                        : 19
# DCMs                             : 1
#      DCM_SP                      : 1
# MULTs                            : 2
#      MULT18X18SIO                : 2
=========================================================================

Device utilization summary:
---------------------------

Selected Device : 3s50atq144-4 

 Number of Slices:                      449  out of    704    63%  
 Number of Slice Flip Flops:            288  out of   1408    20%  
 Number of 4 input LUTs:                849  out of   1408    60%  
    Number used as logic:               848
    Number used as Shift registers:       1
 Number of IOs:                          31
 Number of bonded IOBs:                  23  out of    108    21%  
    IOB Flip Flops:                       8
 Number of BRAMs:                         1  out of      3    33%  
 Number of MULT18X18SIOs:                 2  out of      3    66%  
 Number of GCLKs:                         1  out of     24     4%  
 Number of DCMs:                          1  out of      2    50%  

---------------------------
Partition Resource Summary:
---------------------------

  No Partitions were found in this design.

---------------------------


=========================================================================
TIMING REPORT

NOTE: THESE TIMING NUMBERS ARE ONLY A SYNTHESIS ESTIMATE.
      FOR ACCURATE TIMING INFORMATION PLEASE REFER TO THE TRACE REPORT
      GENERATED AFTER PLACE-and-ROUTE.

Clock Information:
------------------
---------------------------------------------+------------------------------------------------------------------------------------------------------------------------------+-------+
Clock Signal                                 | Clock buffer(FF name)                                                                                                        | Load  |
---------------------------------------------+------------------------------------------------------------------------------------------------------------------------------+-------+
clk                                          | SysClock/DCM_SP_INST:CLK0                                                                                                    | 280   |
CharacterBank/N1                             | NONE(CharacterBank/U0/xst_blk_mem_generator/gnativebmg.native_blk_mem_gen/valid.cstr/ramloop[0].ram.r/s3a_init.ram/dpram.ram)| 1     |
VGAControlModule/Hcounter_0                  | NONE(PixController/Blue_0)                                                                                                   | 8     |
PS2_interface_controller/curr_packet_complete| NONE(PaddlePosition/next_Xposn_9)                                                                                            | 10    |
---------------------------------------------+------------------------------------------------------------------------------------------------------------------------------+-------+
INFO:Xst:2169 - HDL ADVISOR - Some clock signals were not automatically buffered by XST with BUFG/BUFR resources. Please use the buffer_type constraint in order to insert these buffers to the clock signals to help prevent skew problems.

Asynchronous Control Signals Information:
----------------------------------------
-------------------------------------------------------------------------+----------------------------------+-------+
Control Signal                                                           | Buffer(FF name)                  | Load  |
-------------------------------------------------------------------------+----------------------------------+-------+
BoomBox/Locked_inv(VGAControlModule/Locked_inv1_INV_0:O)                 | NONE(VGAControlModule/Hcounter_0)| 26    |
BallMotionControl/Hcen_Acst_inv(BallMotionControl/Hcen_Acst_inv1_INV_0:O)| NONE(BallMotionControl/Hcen_2)   | 17    |
-------------------------------------------------------------------------+----------------------------------+-------+

Timing Summary:
---------------
Speed Grade: -4

   Minimum period: 8.112ns (Maximum Frequency: 123.274MHz)
   Minimum input arrival time before clock: 4.891ns
   Maximum output required time after clock: 7.424ns
   Maximum combinational path delay: No path found

Timing Detail:
--------------
All values displayed in nanoseconds (ns)

=========================================================================
Timing constraint: Default period analysis for Clock 'clk'
  Clock period: 8.112ns (frequency: 123.274MHz)
  Total number of paths / destination ports: 8145 / 359
-------------------------------------------------------------------------
Delay:               8.112ns (Levels of Logic = 5)
  Source:            PS2_interface_rx/curr_timeoutcount_14 (FF)
  Destination:       PS2_interface_rx/curr_bitcount_1 (FF)
  Source Clock:      clk rising
  Destination Clock: clk rising

  Data Path: PS2_interface_rx/curr_timeoutcount_14 to PS2_interface_rx/curr_bitcount_1
                                Gate     Net
    Cell:in->out      fanout   Delay   Delay  Logical Name (Net Name)
    ----------------------------------------  ------------
     FDRS:C->Q             2   0.591   0.590  PS2_interface_rx/curr_timeoutcount_14 (PS2_interface_rx/curr_timeoutcount_14)
     LUT4:I0->O            1   0.648   0.500  PS2_interface_rx/curr_state_cmp_eq000017 (PS2_interface_rx/curr_state_cmp_eq000017)
     LUT4:I1->O            8   0.643   0.760  PS2_interface_rx/curr_state_cmp_eq000064 (PS2_interface_rx/curr_state_cmp_eq0000)
     LUT4_D:I3->LO         1   0.648   0.132  PS2_interface_rx/next_bitcount<1>11 (N383)
     LUT3:I2->O           13   0.648   1.015  PS2_interface_rx/next_bitcount<0>21 (PS2_interface_rx/N20)
     LUT3:I2->O            1   0.648   0.420  PS2_interface_rx/next_bitcount<1>64 (PS2_interface_rx/next_bitcount<1>64)
     FDRS:S                    0.869          PS2_interface_rx/curr_bitcount_1
    ----------------------------------------
    Total                      8.112ns (4.695ns logic, 3.417ns route)
                                       (57.9% logic, 42.1% route)

=========================================================================
Timing constraint: Default OFFSET IN BEFORE for Clock 'clk'
  Total number of paths / destination ports: 73 / 72
-------------------------------------------------------------------------
Offset:              4.891ns (Levels of Logic = 2)
  Source:            pushbtn (PAD)
  Destination:       PS2_interface_controller/curr_state_FSM_FFd11 (FF)
  Destination Clock: clk rising

  Data Path: pushbtn to PS2_interface_controller/curr_state_FSM_FFd11
                                Gate     Net
    Cell:in->out      fanout   Delay   Delay  Logical Name (Net Name)
    ----------------------------------------  ------------
     IBUF:I->O            24   0.849   1.252  pushbtn_IBUF (pushbtn_IBUF)
     INV:I->O             65   0.648   1.273  BallMotionControl/Hcen_Acst_inv1_INV_0 (BallMotionControl/Hcen_Acst_inv)
     FDR:R                     0.869          PS2_interface_controller/curr_wait_count_0
    ----------------------------------------
    Total                      4.891ns (2.366ns logic, 2.525ns route)
                                       (48.4% logic, 51.6% route)

=========================================================================
Timing constraint: Default OFFSET OUT AFTER for Clock 'clk'
  Total number of paths / destination ports: 17 / 13
-------------------------------------------------------------------------
Offset:              7.424ns (Levels of Logic = 2)
  Source:            BoomBox/curr_state_FSM_FFd1 (FF)
  Destination:       Buzzer (PAD)
  Source Clock:      clk rising

  Data Path: BoomBox/curr_state_FSM_FFd1 to Buzzer
                                Gate     Net
    Cell:in->out      fanout   Delay   Delay  Logical Name (Net Name)
    ----------------------------------------  ------------
     FDR:C->Q             20   0.591   1.245  BoomBox/curr_state_FSM_FFd1 (BoomBox/curr_state_FSM_FFd1)
     LUT4:I0->O            1   0.648   0.420  BoomBox/Buzzer1 (Buzzer_OBUF)
     OBUF:I->O                 4.520          Buzzer_OBUF (Buzzer)
    ----------------------------------------
    Total                      7.424ns (5.759ns logic, 1.665ns route)
                                       (77.6% logic, 22.4% route)

=========================================================================
Timing constraint: Default OFFSET OUT AFTER for Clock 'VGAControlModule/Hcounter_0'
  Total number of paths / destination ports: 8 / 8
-------------------------------------------------------------------------
Offset:              5.531ns (Levels of Logic = 1)
  Source:            PixController/Blue_1_1 (FF)
  Destination:       Blue<1> (PAD)
  Source Clock:      VGAControlModule/Hcounter_0 rising

  Data Path: PixController/Blue_1_1 to Blue<1>
                                Gate     Net
    Cell:in->out      fanout   Delay   Delay  Logical Name (Net Name)
    ----------------------------------------  ------------
     FDRS:C->Q             1   0.591   0.420  PixController/Blue_1_1 (PixController/Blue_1_1)
     OBUF:I->O                 4.520          Blue_1_OBUF (Blue<1>)
    ----------------------------------------
    Total                      5.531ns (5.111ns logic, 0.420ns route)
                                       (92.4% logic, 7.6% route)

=========================================================================


Total REAL time to Xst completion: 13.00 secs
Total CPU time to Xst completion: 13.11 secs
 
--> 

Total memory usage is 4584300 kilobytes

Number of errors   :    0 (   0 filtered)
Number of warnings :   59 (   0 filtered)
Number of infos    :   10 (   0 filtered)

