Release 14.7 - xst P.20131013 (nt64)
Copyright (c) 1995-2013 Xilinx, Inc.  All rights reserved.
--> Parameter TMPDIR set to xst/projnav.tmp


Total REAL time to Xst completion: 0.00 secs
Total CPU time to Xst completion: 0.13 secs
 
--> Parameter xsthdpdir set to xst


Total REAL time to Xst completion: 0.00 secs
Total CPU time to Xst completion: 0.13 secs
 
--> Reading design: debouncer.prj

TABLE OF CONTENTS
  1) Synthesis Options Summary
  2) HDL Compilation
  3) Design Hierarchy Analysis
  4) HDL Analysis
  5) HDL Synthesis
     5.1) HDL Synthesis Report
  6) Advanced HDL Synthesis
     6.1) Advanced HDL Synthesis Report
  7) Low Level Synthesis
  8) Partition Report
  9) Final Report
	9.1) Device utilization summary
	9.2) Partition Resource Summary
	9.3) TIMING REPORT


=========================================================================
*                      Synthesis Options Summary                        *
=========================================================================
---- Source Parameters
Input File Name                    : "debouncer.prj"
Input Format                       : mixed
Ignore Synthesis Constraint File   : NO

---- Target Parameters
Output File Name                   : "debouncer"
Output Format                      : NGC
Target Device                      : xc3s50a-4-tq144

---- Source Options
Top Module Name                    : debouncer
Automatic FSM Extraction           : YES
FSM Encoding Algorithm             : Auto
Safe Implementation                : No
FSM Style                          : LUT
RAM Extraction                     : Yes
RAM Style                          : Auto
ROM Extraction                     : Yes
Mux Style                          : Auto
Decoder Extraction                 : YES
Priority Encoder Extraction        : Yes
Shift Register Extraction          : YES
Logical Shifter Extraction         : YES
XOR Collapsing                     : YES
ROM Style                          : Auto
Mux Extraction                     : Yes
Resource Sharing                   : YES
Asynchronous To Synchronous        : NO
Multiplier Style                   : Auto
Automatic Register Balancing       : No

---- Target Options
Add IO Buffers                     : YES
Global Maximum Fanout              : 500
Add Generic Clock Buffer(BUFG)     : 24
Register Duplication               : YES
Slice Packing                      : YES
Optimize Instantiated Primitives   : NO
Use Clock Enable                   : Yes
Use Synchronous Set                : Yes
Use Synchronous Reset              : Yes
Pack IO Registers into IOBs        : Auto
Equivalent register Removal        : YES

---- General Options
Optimization Goal                  : Speed
Optimization Effort                : 1
Keep Hierarchy                     : No
Netlist Hierarchy                  : As_Optimized
RTL Output                         : Yes
Global Optimization                : AllClockNets
Read Cores                         : YES
Write Timing Constraints           : NO
Cross Clock Analysis               : NO
Hierarchy Separator                : /
Bus Delimiter                      : <>
Case Specifier                     : Maintain
Slice Utilization Ratio            : 100
BRAM Utilization Ratio             : 100
Verilog 2001                       : YES
Auto BRAM Packing                  : NO
Slice Utilization Ratio Delta      : 5

=========================================================================


=========================================================================
*                          HDL Compilation                              *
=========================================================================
Compiling verilog file "debouncer.v" in library work
Module <debouncer> compiled
No errors in compilation
Analysis of file <"debouncer.prj"> succeeded.
 

=========================================================================
*                     Design Hierarchy Analysis                         *
=========================================================================
Analyzing hierarchy for module <debouncer> in library <work> with parameters.
	DEACTIVATE_SENSE = "10"
	SENSE = "00"
	UPDATE = "01"


=========================================================================
*                            HDL Analysis                               *
=========================================================================
Analyzing top module <debouncer>.
	DEACTIVATE_SENSE = 2'b10
	SENSE = 2'b00
	UPDATE = 2'b01
Module <debouncer> is correct for synthesis.
 

=========================================================================
*                           HDL Synthesis                               *
=========================================================================

Performing bidirectional port resolution...

Synthesizing Unit <debouncer>.
    Related source file is "debouncer.v".
    Found finite state machine <FSM_0> for signal <curr_state>.
    -----------------------------------------------------------------------
    | States             | 3                                              |
    | Transitions        | 7                                              |
    | Inputs             | 3                                              |
    | Outputs            | 2                                              |
    | Clock              | clk                       (rising_edge)        |
    | Reset              | Locked                    (negative)           |
    | Reset type         | synchronous                                    |
    | Reset State        | 00                                             |
    | Encoding           | automatic                                      |
    | Implementation     | LUT                                            |
    -----------------------------------------------------------------------
    Found 1-bit register for signal <trig_out>.
    Found 15-bit up counter for signal <d_count>.
    Summary:
	inferred   1 Finite State Machine(s).
	inferred   1 Counter(s).
	inferred   1 D-type flip-flop(s).
Unit <debouncer> synthesized.


=========================================================================
HDL Synthesis Report

Macro Statistics
# Counters                                             : 1
 15-bit up counter                                     : 1
# Registers                                            : 1
 1-bit register                                        : 1

=========================================================================

=========================================================================
*                       Advanced HDL Synthesis                          *
=========================================================================

Analyzing FSM <FSM_0> for best encoding.
Optimizing FSM <curr_state/FSM> on signal <curr_state[1:2]> with user encoding.
-------------------
 State | Encoding
-------------------
 00    | 00
 01    | 01
 10    | 10
-------------------

=========================================================================
Advanced HDL Synthesis Report

Macro Statistics
# FSMs                                                 : 1
# Counters                                             : 1
 15-bit up counter                                     : 1
# Registers                                            : 1
 Flip-Flops                                            : 1

=========================================================================

=========================================================================
*                         Low Level Synthesis                           *
=========================================================================

Optimizing unit <debouncer> ...

Mapping all equations...
Building and optimizing final netlist ...
Found area constraint ratio of 100 (+ 5) on block debouncer, actual ratio is 1.

Final Macro Processing ...

=========================================================================
Final Register Report

Macro Statistics
# Registers                                            : 18
 Flip-Flops                                            : 18

=========================================================================

=========================================================================
*                           Partition Report                            *
=========================================================================

Partition Implementation Status
-------------------------------

  No Partitions were found in this design.

-------------------------------

=========================================================================
*                            Final Report                               *
=========================================================================
Final Results
RTL Top Level Output File Name     : debouncer.ngr
Top Level Output File Name         : debouncer
Output Format                      : NGC
Optimization Goal                  : Speed
Keep Hierarchy                     : No

Design Statistics
# IOs                              : 4

Cell Usage :
# BELS                             : 55
#      GND                         : 1
#      INV                         : 3
#      LUT1                        : 14
#      LUT3                        : 1
#      LUT4                        : 4
#      LUT4_D                      : 2
#      MUXCY                       : 14
#      VCC                         : 1
#      XORCY                       : 15
# FlipFlops/Latches                : 18
#      FDR                         : 1
#      FDRE                        : 16
#      FDRSE                       : 1
# Clock Buffers                    : 1
#      BUFGP                       : 1
# IO Buffers                       : 3
#      IBUF                        : 2
#      OBUF                        : 1
=========================================================================

Device utilization summary:
---------------------------

Selected Device : 3s50atq144-4 

 Number of Slices:                       12  out of    704     1%  
 Number of Slice Flip Flops:             18  out of   1408     1%  
 Number of 4 input LUTs:                 24  out of   1408     1%  
 Number of IOs:                           4
 Number of bonded IOBs:                   4  out of    108     3%  
 Number of GCLKs:                         1  out of     24     4%  

---------------------------
Partition Resource Summary:
---------------------------

  No Partitions were found in this design.

---------------------------


=========================================================================
TIMING REPORT

NOTE: THESE TIMING NUMBERS ARE ONLY A SYNTHESIS ESTIMATE.
      FOR ACCURATE TIMING INFORMATION PLEASE REFER TO THE TRACE REPORT
      GENERATED AFTER PLACE-and-ROUTE.

Clock Information:
------------------
-----------------------------------+------------------------+-------+
Clock Signal                       | Clock buffer(FF name)  | Load  |
-----------------------------------+------------------------+-------+
clk                                | BUFGP                  | 18    |
-----------------------------------+------------------------+-------+

Asynchronous Control Signals Information:
----------------------------------------
No asynchronous control signals found in this design

Timing Summary:
---------------
Speed Grade: -4

   Minimum period: 4.337ns (Maximum Frequency: 230.574MHz)
   Minimum input arrival time before clock: 3.317ns
   Maximum output required time after clock: 5.558ns
   Maximum combinational path delay: No path found

Timing Detail:
--------------
All values displayed in nanoseconds (ns)

=========================================================================
Timing constraint: Default period analysis for Clock 'clk'
  Clock period: 4.337ns (frequency: 230.574MHz)
  Total number of paths / destination ports: 380 / 49
-------------------------------------------------------------------------
Delay:               4.337ns (Levels of Logic = 15)
  Source:            d_count_1 (FF)
  Destination:       d_count_14 (FF)
  Source Clock:      clk rising
  Destination Clock: clk rising

  Data Path: d_count_1 to d_count_14
                                Gate     Net
    Cell:in->out      fanout   Delay   Delay  Logical Name (Net Name)
    ----------------------------------------  ------------
     FDRE:C->Q             2   0.591   0.590  d_count_1 (d_count_1)
     LUT1:I0->O            1   0.648   0.000  Mcount_d_count_cy<1>_rt (Mcount_d_count_cy<1>_rt)
     MUXCY:S->O            1   0.632   0.000  Mcount_d_count_cy<1> (Mcount_d_count_cy<1>)
     MUXCY:CI->O           1   0.065   0.000  Mcount_d_count_cy<2> (Mcount_d_count_cy<2>)
     MUXCY:CI->O           1   0.065   0.000  Mcount_d_count_cy<3> (Mcount_d_count_cy<3>)
     MUXCY:CI->O           1   0.065   0.000  Mcount_d_count_cy<4> (Mcount_d_count_cy<4>)
     MUXCY:CI->O           1   0.065   0.000  Mcount_d_count_cy<5> (Mcount_d_count_cy<5>)
     MUXCY:CI->O           1   0.065   0.000  Mcount_d_count_cy<6> (Mcount_d_count_cy<6>)
     MUXCY:CI->O           1   0.065   0.000  Mcount_d_count_cy<7> (Mcount_d_count_cy<7>)
     MUXCY:CI->O           1   0.065   0.000  Mcount_d_count_cy<8> (Mcount_d_count_cy<8>)
     MUXCY:CI->O           1   0.065   0.000  Mcount_d_count_cy<9> (Mcount_d_count_cy<9>)
     MUXCY:CI->O           1   0.065   0.000  Mcount_d_count_cy<10> (Mcount_d_count_cy<10>)
     MUXCY:CI->O           1   0.065   0.000  Mcount_d_count_cy<11> (Mcount_d_count_cy<11>)
     MUXCY:CI->O           1   0.065   0.000  Mcount_d_count_cy<12> (Mcount_d_count_cy<12>)
     MUXCY:CI->O           0   0.065   0.000  Mcount_d_count_cy<13> (Mcount_d_count_cy<13>)
     XORCY:CI->O           1   0.844   0.000  Mcount_d_count_xor<14> (Result<14>)
     FDRE:D                    0.252          d_count_14
    ----------------------------------------
    Total                      4.337ns (3.747ns logic, 0.590ns route)
                                       (86.4% logic, 13.6% route)

=========================================================================
Timing constraint: Default OFFSET IN BEFORE for Clock 'clk'
  Total number of paths / destination ports: 5 / 5
-------------------------------------------------------------------------
Offset:              3.317ns (Levels of Logic = 2)
  Source:            Locked (PAD)
  Destination:       curr_state_FSM_FFd2 (FF)
  Destination Clock: clk rising

  Data Path: Locked to curr_state_FSM_FFd2
                                Gate     Net
    Cell:in->out      fanout   Delay   Delay  Logical Name (Net Name)
    ----------------------------------------  ------------
     IBUF:I->O             1   0.849   0.420  Locked_IBUF (Locked_IBUF)
     INV:I->O              3   0.648   0.531  Locked_inv1_INV_0 (Locked_inv)
     FDR:R                     0.869          curr_state_FSM_FFd2
    ----------------------------------------
    Total                      3.317ns (2.366ns logic, 0.951ns route)
                                       (71.3% logic, 28.7% route)

=========================================================================
Timing constraint: Default OFFSET OUT AFTER for Clock 'clk'
  Total number of paths / destination ports: 1 / 1
-------------------------------------------------------------------------
Offset:              5.558ns (Levels of Logic = 1)
  Source:            trig_out (FF)
  Destination:       trig_out (PAD)
  Source Clock:      clk rising

  Data Path: trig_out to trig_out
                                Gate     Net
    Cell:in->out      fanout   Delay   Delay  Logical Name (Net Name)
    ----------------------------------------  ------------
     FDRE:C->Q             2   0.591   0.447  trig_out (trig_out_OBUF)
     OBUF:I->O                 4.520          trig_out_OBUF (trig_out)
    ----------------------------------------
    Total                      5.558ns (5.111ns logic, 0.447ns route)
                                       (92.0% logic, 8.0% route)

=========================================================================


Total REAL time to Xst completion: 5.00 secs
Total CPU time to Xst completion: 5.00 secs
 
--> 

Total memory usage is 4551912 kilobytes

Number of errors   :    0 (   0 filtered)
Number of warnings :    0 (   0 filtered)
Number of infos    :    0 (   0 filtered)

