Release 14.7 - xst P.20131013 (nt64)
Copyright (c) 1995-2013 Xilinx, Inc.  All rights reserved.
--> Parameter TMPDIR set to xst/projnav.tmp


Total REAL time to Xst completion: 0.00 secs
Total CPU time to Xst completion: 0.13 secs
 
--> Parameter xsthdpdir set to xst


Total REAL time to Xst completion: 0.00 secs
Total CPU time to Xst completion: 0.13 secs
 
--> Reading design: MouseTransmitter.prj

TABLE OF CONTENTS
  1) Synthesis Options Summary
  2) HDL Compilation
  3) Design Hierarchy Analysis
  4) HDL Analysis
  5) HDL Synthesis
     5.1) HDL Synthesis Report
  6) Advanced HDL Synthesis
     6.1) Advanced HDL Synthesis Report
  7) Low Level Synthesis
  8) Partition Report
  9) Final Report
	9.1) Device utilization summary
	9.2) Partition Resource Summary
	9.3) TIMING REPORT


=========================================================================
*                      Synthesis Options Summary                        *
=========================================================================
---- Source Parameters
Input File Name                    : "MouseTransmitter.prj"
Input Format                       : mixed
Ignore Synthesis Constraint File   : NO

---- Target Parameters
Output File Name                   : "MouseTransmitter"
Output Format                      : NGC
Target Device                      : xc3s50a-4-tq144

---- Source Options
Top Module Name                    : MouseTransmitter
Automatic FSM Extraction           : YES
FSM Encoding Algorithm             : Auto
Safe Implementation                : No
FSM Style                          : LUT
RAM Extraction                     : Yes
RAM Style                          : Auto
ROM Extraction                     : Yes
Mux Style                          : Auto
Decoder Extraction                 : YES
Priority Encoder Extraction        : Yes
Shift Register Extraction          : YES
Logical Shifter Extraction         : YES
XOR Collapsing                     : YES
ROM Style                          : Auto
Mux Extraction                     : Yes
Resource Sharing                   : YES
Asynchronous To Synchronous        : NO
Multiplier Style                   : Auto
Automatic Register Balancing       : No

---- Target Options
Add IO Buffers                     : YES
Global Maximum Fanout              : 100000
Add Generic Clock Buffer(BUFG)     : 24
Register Duplication               : YES
Slice Packing                      : YES
Optimize Instantiated Primitives   : NO
Use Clock Enable                   : Yes
Use Synchronous Set                : Yes
Use Synchronous Reset              : Yes
Pack IO Registers into IOBs        : Auto
Equivalent register Removal        : YES

---- General Options
Optimization Goal                  : Speed
Optimization Effort                : 1
Keep Hierarchy                     : No
Netlist Hierarchy                  : As_Optimized
RTL Output                         : Yes
Global Optimization                : AllClockNets
Read Cores                         : YES
Write Timing Constraints           : NO
Cross Clock Analysis               : NO
Hierarchy Separator                : /
Bus Delimiter                      : <>
Case Specifier                     : Maintain
Slice Utilization Ratio            : 100
BRAM Utilization Ratio             : 100
Verilog 2001                       : YES
Auto BRAM Packing                  : NO
Slice Utilization Ratio Delta      : 5

=========================================================================


=========================================================================
*                          HDL Compilation                              *
=========================================================================
Compiling verilog file "MouseTransmitter.v" in library work
Module <MouseTransmitter> compiled
No errors in compilation
Analysis of file <"MouseTransmitter.prj"> succeeded.
 

=========================================================================
*                     Design Hierarchy Analysis                         *
=========================================================================
Analyzing hierarchy for module <MouseTransmitter> in library <work>.


=========================================================================
*                            HDL Analysis                               *
=========================================================================
Analyzing top module <MouseTransmitter>.
Module <MouseTransmitter> is correct for synthesis.
 

=========================================================================
*                           HDL Synthesis                               *
=========================================================================

Performing bidirectional port resolution...

Synthesizing Unit <MouseTransmitter>.
    Related source file is "MouseTransmitter.v".
    Found finite state machine <FSM_0> for signal <Curr_State>.
    -----------------------------------------------------------------------
    | States             | 11                                             |
    | Transitions        | 26                                             |
    | Inputs             | 6                                              |
    | Outputs            | 11                                             |
    | Clock              | CLK                       (rising_edge)        |
    | Reset              | RESET                     (positive)           |
    | Reset type         | synchronous                                    |
    | Reset State        | 0000                                           |
    | Encoding           | automatic                                      |
    | Implementation     | LUT                                            |
    -----------------------------------------------------------------------
    Found 1-bit tristate buffer for signal <PS2CLK>.
    Found 1-bit tristate buffer for signal <PS2DATA>.
    Found 1-bit register for signal <ClkMouseInDly>.
    Found 1-bit register for signal <Curr_ByteSent>.
    Found 8-bit register for signal <Curr_ByteToSend>.
    Found 1-bit register for signal <Curr_MouseClkOutWE>.
    Found 1-bit register for signal <Curr_MouseDataOut>.
    Found 1-bit register for signal <Curr_MouseDataOutWE>.
    Found 16-bit register for signal <Curr_SendCounter>.
    Found 16-bit comparator greatequal for signal <Curr_State$cmp_ge0000> created at line 116.
    Found 1-bit xor8 for signal <Next_MouseDataOut$xor0000>.
    Found 16-bit adder for signal <Next_SendCounter$share0000> created at line 102.
    Summary:
	inferred   1 Finite State Machine(s).
	inferred  29 D-type flip-flop(s).
	inferred   1 Adder/Subtractor(s).
	inferred   1 Comparator(s).
	inferred   1 Multiplexer(s).
	inferred   1 Xor(s).
	inferred   2 Tristate(s).
Unit <MouseTransmitter> synthesized.

INFO:Xst:1767 - HDL ADVISOR - Resource sharing has identified that some arithmetic operations in this design can share the same physical resources for reduced device utilization. For improved clock frequency you may try to disable resource sharing.

=========================================================================
HDL Synthesis Report

Macro Statistics
# Adders/Subtractors                                   : 1
 16-bit adder                                          : 1
# Registers                                            : 7
 1-bit register                                        : 5
 16-bit register                                       : 1
 8-bit register                                        : 1
# Comparators                                          : 1
 16-bit comparator greatequal                          : 1
# Multiplexers                                         : 1
 1-bit 8-to-1 multiplexer                              : 1
# Tristates                                            : 2
 1-bit tristate buffer                                 : 2
# Xors                                                 : 1
 1-bit xor8                                            : 1

=========================================================================

=========================================================================
*                       Advanced HDL Synthesis                          *
=========================================================================

Analyzing FSM <FSM_0> for best encoding.
Optimizing FSM <Curr_State/FSM> on signal <Curr_State[1:11]> with one-hot encoding.
----------------------
 State | Encoding
----------------------
 0000  | 00000000001
 0001  | 00000000010
 0010  | 00000000100
 0011  | 00000001000
 0100  | 00000010000
 0101  | 00000100000
 0110  | 00001000000
 0111  | 00010000000
 1000  | 00100000000
 1001  | 01000000000
 1010  | 10000000000
----------------------

=========================================================================
Advanced HDL Synthesis Report

Macro Statistics
# FSMs                                                 : 1
# Adders/Subtractors                                   : 1
 16-bit adder                                          : 1
# Registers                                            : 29
 Flip-Flops                                            : 29
# Comparators                                          : 1
 16-bit comparator greatequal                          : 1
# Multiplexers                                         : 1
 1-bit 8-to-1 multiplexer                              : 1
# Xors                                                 : 1
 1-bit xor8                                            : 1

=========================================================================

=========================================================================
*                         Low Level Synthesis                           *
=========================================================================

Optimizing unit <MouseTransmitter> ...

Mapping all equations...
Building and optimizing final netlist ...
Found area constraint ratio of 100 (+ 5) on block MouseTransmitter, actual ratio is 6.

Final Macro Processing ...

=========================================================================
Final Register Report

Macro Statistics
# Registers                                            : 40
 Flip-Flops                                            : 40

=========================================================================

=========================================================================
*                           Partition Report                            *
=========================================================================

Partition Implementation Status
-------------------------------

  No Partitions were found in this design.

-------------------------------

=========================================================================
*                            Final Report                               *
=========================================================================
Final Results
RTL Top Level Output File Name     : MouseTransmitter.ngr
Top Level Output File Name         : MouseTransmitter
Output Format                      : NGC
Optimization Goal                  : Speed
Keep Hierarchy                     : No

Design Statistics
# IOs                              : 18

Cell Usage :
# BELS                             : 129
#      GND                         : 1
#      INV                         : 4
#      LUT1                        : 18
#      LUT2                        : 4
#      LUT3                        : 15
#      LUT4                        : 38
#      LUT4_D                      : 2
#      LUT4_L                      : 2
#      MUXCY                       : 23
#      MUXF5                       : 4
#      MUXF6                       : 1
#      VCC                         : 1
#      XORCY                       : 16
# FlipFlops/Latches                : 40
#      FD                          : 1
#      FDR                         : 34
#      FDRS                        : 4
#      FDS                         : 1
# Clock Buffers                    : 1
#      BUFGP                       : 1
# IO Buffers                       : 17
#      IBUF                        : 10
#      IOBUF                       : 2
#      OBUF                        : 5
=========================================================================

Device utilization summary:
---------------------------

Selected Device : 3s50atq144-4 

 Number of Slices:                       45  out of    704     6%  
 Number of Slice Flip Flops:             40  out of   1408     2%  
 Number of 4 input LUTs:                 83  out of   1408     5%  
 Number of IOs:                          18
 Number of bonded IOBs:                  18  out of    108    16%  
 Number of GCLKs:                         1  out of     24     4%  

---------------------------
Partition Resource Summary:
---------------------------

  No Partitions were found in this design.

---------------------------


=========================================================================
TIMING REPORT

NOTE: THESE TIMING NUMBERS ARE ONLY A SYNTHESIS ESTIMATE.
      FOR ACCURATE TIMING INFORMATION PLEASE REFER TO THE TRACE REPORT
      GENERATED AFTER PLACE-and-ROUTE.

Clock Information:
------------------
-----------------------------------+------------------------+-------+
Clock Signal                       | Clock buffer(FF name)  | Load  |
-----------------------------------+------------------------+-------+
CLK                                | BUFGP                  | 40    |
-----------------------------------+------------------------+-------+

Asynchronous Control Signals Information:
----------------------------------------
No asynchronous control signals found in this design

Timing Summary:
---------------
Speed Grade: -4

   Minimum period: 6.532ns (Maximum Frequency: 153.092MHz)
   Minimum input arrival time before clock: 5.585ns
   Maximum output required time after clock: 7.267ns
   Maximum combinational path delay: No path found

Timing Detail:
--------------
All values displayed in nanoseconds (ns)

=========================================================================
Timing constraint: Default period analysis for Clock 'CLK'
  Clock period: 6.532ns (frequency: 153.092MHz)
  Total number of paths / destination ports: 897 / 43
-------------------------------------------------------------------------
Delay:               6.532ns (Levels of Logic = 11)
  Source:            Curr_SendCounter_0 (FF)
  Destination:       Curr_SendCounter_0 (FF)
  Source Clock:      CLK rising
  Destination Clock: CLK rising

  Data Path: Curr_SendCounter_0 to Curr_SendCounter_0
                                Gate     Net
    Cell:in->out      fanout   Delay   Delay  Logical Name (Net Name)
    ----------------------------------------  ------------
     FDR:C->Q              8   0.591   0.900  Curr_SendCounter_0 (Curr_SendCounter_0)
     LUT1:I0->O            1   0.648   0.000  Mcompar_Curr_State_cmp_ge0000_cy<0>_rt (Mcompar_Curr_State_cmp_ge0000_cy<0>_rt)
     MUXCY:S->O            1   0.632   0.000  Mcompar_Curr_State_cmp_ge0000_cy<0> (Mcompar_Curr_State_cmp_ge0000_cy<0>)
     MUXCY:CI->O           1   0.065   0.000  Mcompar_Curr_State_cmp_ge0000_cy<1> (Mcompar_Curr_State_cmp_ge0000_cy<1>)
     MUXCY:CI->O           1   0.065   0.000  Mcompar_Curr_State_cmp_ge0000_cy<2> (Mcompar_Curr_State_cmp_ge0000_cy<2>)
     MUXCY:CI->O           1   0.065   0.000  Mcompar_Curr_State_cmp_ge0000_cy<3> (Mcompar_Curr_State_cmp_ge0000_cy<3>)
     MUXCY:CI->O           1   0.065   0.000  Mcompar_Curr_State_cmp_ge0000_cy<4> (Mcompar_Curr_State_cmp_ge0000_cy<4>)
     MUXCY:CI->O           1   0.065   0.000  Mcompar_Curr_State_cmp_ge0000_cy<5> (Mcompar_Curr_State_cmp_ge0000_cy<5>)
     MUXCY:CI->O           1   0.065   0.000  Mcompar_Curr_State_cmp_ge0000_cy<6> (Mcompar_Curr_State_cmp_ge0000_cy<6>)
     MUXCY:CI->O           3   0.269   0.534  Mcompar_Curr_State_cmp_ge0000_cy<7> (Curr_State_cmp_ge0000)
     LUT4_D:I3->O         15   0.648   1.020  Next_SendCounter<0>1 (N01)
     LUT4:I3->O            1   0.648   0.000  Next_SendCounter<5>1 (Next_SendCounter<5>)
     FDR:D                     0.252          Curr_SendCounter_5
    ----------------------------------------
    Total                      6.532ns (4.078ns logic, 2.454ns route)
                                       (62.4% logic, 37.6% route)

=========================================================================
Timing constraint: Default OFFSET IN BEFORE for Clock 'CLK'
  Total number of paths / destination ports: 104 / 75
-------------------------------------------------------------------------
Offset:              5.585ns (Levels of Logic = 4)
  Source:            PS2CLK (PAD)
  Destination:       Curr_SendCounter_0 (FF)
  Destination Clock: CLK rising

  Data Path: PS2CLK to Curr_SendCounter_0
                                Gate     Net
    Cell:in->out      fanout   Delay   Delay  Logical Name (Net Name)
    ----------------------------------------  ------------
     IOBUF:IO->O          10   0.849   1.025  PS2CLK_IOBUF (N11)
     LUT3:I0->O            1   0.648   0.500  Next_SendCounter<0>1_SW0 (N8)
     LUT4_D:I1->O         15   0.643   1.020  Next_SendCounter<0>1 (N01)
     LUT4:I3->O            1   0.648   0.000  Next_SendCounter<5>1 (Next_SendCounter<5>)
     FDR:D                     0.252          Curr_SendCounter_5
    ----------------------------------------
    Total                      5.585ns (3.040ns logic, 2.545ns route)
                                       (54.4% logic, 45.6% route)

=========================================================================
Timing constraint: Default OFFSET OUT AFTER for Clock 'CLK'
  Total number of paths / destination ports: 21 / 7
-------------------------------------------------------------------------
Offset:              7.267ns (Levels of Logic = 3)
  Source:            Curr_State_FSM_FFd10 (FF)
  Destination:       debug<0> (PAD)
  Source Clock:      CLK rising

  Data Path: Curr_State_FSM_FFd10 to debug<0>
                                Gate     Net
    Cell:in->out      fanout   Delay   Delay  Logical Name (Net Name)
    ----------------------------------------  ------------
     FDR:C->Q              6   0.591   0.812  Curr_State_FSM_FFd10 (Curr_State_FSM_FFd10)
     LUT4:I0->O            1   0.648   0.000  Curr_State_or00031 (Curr_State_or0003)
     MUXF5:I0->O           1   0.276   0.420  Curr_State_or0003_f5 (debug_0_OBUF)
     OBUF:I->O                 4.520          debug_0_OBUF (debug<0>)
    ----------------------------------------
    Total                      7.267ns (6.035ns logic, 1.232ns route)
                                       (83.0% logic, 17.0% route)

=========================================================================


Total REAL time to Xst completion: 5.00 secs
Total CPU time to Xst completion: 5.49 secs
 
--> 

Total memory usage is 4551904 kilobytes

Number of errors   :    0 (   0 filtered)
Number of warnings :    0 (   0 filtered)
Number of infos    :    1 (   0 filtered)

