Release 14.7 - xst P.20131013 (nt64)
Copyright (c) 1995-2013 Xilinx, Inc.  All rights reserved.
--> Parameter TMPDIR set to xst/projnav.tmp


Total REAL time to Xst completion: 0.00 secs
Total CPU time to Xst completion: 0.13 secs
 
--> Parameter xsthdpdir set to xst


Total REAL time to Xst completion: 0.00 secs
Total CPU time to Xst completion: 0.13 secs
 
--> Reading design: main.prj

TABLE OF CONTENTS
  1) Synthesis Options Summary
  2) HDL Compilation
  3) Design Hierarchy Analysis
  4) HDL Analysis
  5) HDL Synthesis
     5.1) HDL Synthesis Report
  6) Advanced HDL Synthesis
     6.1) Advanced HDL Synthesis Report
  7) Low Level Synthesis
  8) Partition Report
  9) Final Report
	9.1) Device utilization summary
	9.2) Partition Resource Summary
	9.3) TIMING REPORT


=========================================================================
*                      Synthesis Options Summary                        *
=========================================================================
---- Source Parameters
Input File Name                    : "main.prj"
Input Format                       : mixed
Ignore Synthesis Constraint File   : NO

---- Target Parameters
Output File Name                   : "main"
Output Format                      : NGC
Target Device                      : xc3s50a-4-tq144

---- Source Options
Top Module Name                    : main
Automatic FSM Extraction           : YES
FSM Encoding Algorithm             : Auto
Safe Implementation                : No
FSM Style                          : LUT
RAM Extraction                     : Yes
RAM Style                          : Auto
ROM Extraction                     : Yes
Mux Style                          : Auto
Decoder Extraction                 : YES
Priority Encoder Extraction        : Yes
Shift Register Extraction          : YES
Logical Shifter Extraction         : YES
XOR Collapsing                     : YES
ROM Style                          : Auto
Mux Extraction                     : Yes
Resource Sharing                   : YES
Asynchronous To Synchronous        : NO
Multiplier Style                   : Auto
Automatic Register Balancing       : No

---- Target Options
Add IO Buffers                     : YES
Global Maximum Fanout              : 500
Add Generic Clock Buffer(BUFG)     : 24
Register Duplication               : YES
Slice Packing                      : YES
Optimize Instantiated Primitives   : NO
Use Clock Enable                   : Yes
Use Synchronous Set                : Yes
Use Synchronous Reset              : Yes
Pack IO Registers into IOBs        : Auto
Equivalent register Removal        : YES

---- General Options
Optimization Goal                  : Speed
Optimization Effort                : 1
Keep Hierarchy                     : No
Netlist Hierarchy                  : As_Optimized
RTL Output                         : Yes
Global Optimization                : AllClockNets
Read Cores                         : YES
Write Timing Constraints           : NO
Cross Clock Analysis               : NO
Hierarchy Separator                : /
Bus Delimiter                      : <>
Case Specifier                     : Maintain
Slice Utilization Ratio            : 100
BRAM Utilization Ratio             : 100
Verilog 2001                       : YES
Auto BRAM Packing                  : NO
Slice Utilization Ratio Delta      : 5

=========================================================================


=========================================================================
*                          HDL Compilation                              *
=========================================================================
Compiling verilog file "VGA_controller.v" in library work
Compiling verilog file "pix_Controller.v" in library work
Module <VGAcontroller> compiled
Compiling verilog file "clkgen.v" in library work
Module <pix_Controller> compiled
Compiling verilog file "circle.v" in library work
Module <clkgen> compiled
Compiling verilog file "Ball_engine.v" in library work
Module <circle> compiled
Compiling verilog file "main.v" in library work
Module <Ball_engine> compiled
Module <main> compiled
No errors in compilation
Analysis of file <"main.prj"> succeeded.
 

=========================================================================
*                     Design Hierarchy Analysis                         *
=========================================================================
Analyzing hierarchy for module <main> in library <work>.

Analyzing hierarchy for module <clkgen> in library <work>.

Analyzing hierarchy for module <VGAcontroller> in library <work>.

Analyzing hierarchy for module <pix_Controller> in library <work>.

Analyzing hierarchy for module <Ball_engine> in library <work>.

Analyzing hierarchy for module <circle> in library <work>.


=========================================================================
*                            HDL Analysis                               *
=========================================================================
Analyzing top module <main>.
Module <main> is correct for synthesis.
 
Analyzing module <clkgen> in library <work>.
Module <clkgen> is correct for synthesis.
 
    Set user-defined property "CAPACITANCE =  DONT_CARE" for instance <CLKIN_IBUFG_INST> in unit <clkgen>.
    Set user-defined property "IBUF_DELAY_VALUE =  0" for instance <CLKIN_IBUFG_INST> in unit <clkgen>.
    Set user-defined property "IBUF_LOW_PWR =  TRUE" for instance <CLKIN_IBUFG_INST> in unit <clkgen>.
    Set user-defined property "IOSTANDARD =  DEFAULT" for instance <CLKIN_IBUFG_INST> in unit <clkgen>.
    Set user-defined property "CLKDV_DIVIDE =  2.000000" for instance <DCM_SP_INST> in unit <clkgen>.
    Set user-defined property "CLKFX_DIVIDE =  1" for instance <DCM_SP_INST> in unit <clkgen>.
    Set user-defined property "CLKFX_MULTIPLY =  4" for instance <DCM_SP_INST> in unit <clkgen>.
    Set user-defined property "CLKIN_DIVIDE_BY_2 =  FALSE" for instance <DCM_SP_INST> in unit <clkgen>.
    Set user-defined property "CLKIN_PERIOD =  40.000000" for instance <DCM_SP_INST> in unit <clkgen>.
    Set user-defined property "CLKOUT_PHASE_SHIFT =  NONE" for instance <DCM_SP_INST> in unit <clkgen>.
    Set user-defined property "CLK_FEEDBACK =  1X" for instance <DCM_SP_INST> in unit <clkgen>.
    Set user-defined property "DESKEW_ADJUST =  SYSTEM_SYNCHRONOUS" for instance <DCM_SP_INST> in unit <clkgen>.
    Set user-defined property "DFS_FREQUENCY_MODE =  LOW" for instance <DCM_SP_INST> in unit <clkgen>.
    Set user-defined property "DLL_FREQUENCY_MODE =  LOW" for instance <DCM_SP_INST> in unit <clkgen>.
    Set user-defined property "DSS_MODE =  NONE" for instance <DCM_SP_INST> in unit <clkgen>.
    Set user-defined property "DUTY_CYCLE_CORRECTION =  TRUE" for instance <DCM_SP_INST> in unit <clkgen>.
    Set user-defined property "FACTORY_JF =  C080" for instance <DCM_SP_INST> in unit <clkgen>.
    Set user-defined property "PHASE_SHIFT =  0" for instance <DCM_SP_INST> in unit <clkgen>.
    Set user-defined property "STARTUP_WAIT =  FALSE" for instance <DCM_SP_INST> in unit <clkgen>.
Analyzing module <VGAcontroller> in library <work>.
Module <VGAcontroller> is correct for synthesis.
 
Analyzing module <pix_Controller> in library <work>.
Module <pix_Controller> is correct for synthesis.
 
Analyzing module <Ball_engine> in library <work>.
Module <Ball_engine> is correct for synthesis.
 
Analyzing module <circle> in library <work>.
Module <circle> is correct for synthesis.
 

=========================================================================
*                           HDL Synthesis                               *
=========================================================================

Performing bidirectional port resolution...
INFO:Xst:2679 - Register <led<7>> in unit <main> has a constant value of 0 during circuit operation. The register is replaced by logic.
INFO:Xst:2679 - Register <led<6>> in unit <main> has a constant value of 0 during circuit operation. The register is replaced by logic.
INFO:Xst:2679 - Register <led<5>> in unit <main> has a constant value of 0 during circuit operation. The register is replaced by logic.
INFO:Xst:2679 - Register <led<4>> in unit <main> has a constant value of 0 during circuit operation. The register is replaced by logic.
INFO:Xst:2679 - Register <led<3>> in unit <main> has a constant value of 0 during circuit operation. The register is replaced by logic.
INFO:Xst:2679 - Register <led<2>> in unit <main> has a constant value of 0 during circuit operation. The register is replaced by logic.
INFO:Xst:2679 - Register <led<1>> in unit <main> has a constant value of 0 during circuit operation. The register is replaced by logic.
INFO:Xst:2679 - Register <Hsp> in unit <Ball_engine> has a constant value of 0000000100 during circuit operation. The register is replaced by logic.
INFO:Xst:2679 - Register <Vsp> in unit <Ball_engine> has a constant value of 0000000100 during circuit operation. The register is replaced by logic.

Synthesizing Unit <VGAcontroller>.
    Related source file is "VGA_controller.v".
    Found 1-bit register for signal <Vsync>.
    Found 10-bit register for signal <Hcounter>.
    Found 10-bit register for signal <Vcounter>.
    Found 1-bit register for signal <Hsync>.
    Found 10-bit adder for signal <Hcounter_next$addsub0000> created at line 47.
    Found 10-bit comparator less for signal <Hsync_next$cmp_lt0000> created at line 49.
    Found 10-bit comparator less for signal <Hsync_next$cmp_lt0001> created at line 49.
    Found 10-bit comparator greatequal for signal <Vcounter$cmp_ge0000> created at line 62.
    Found 10-bit adder for signal <Vcounter_next$addsub0000> created at line 48.
    Found 10-bit comparator greatequal for signal <Vcounter_next$cmp_ge0000> created at line 48.
    Found 10-bit comparator less for signal <Vsync_next$cmp_lt0000> created at line 50.
    Found 10-bit comparator less for signal <Vsync_next$cmp_lt0001> created at line 50.
    Summary:
	inferred  22 D-type flip-flop(s).
	inferred   2 Adder/Subtractor(s).
	inferred   6 Comparator(s).
Unit <VGAcontroller> synthesized.


Synthesizing Unit <pix_Controller>.
    Related source file is "pix_Controller.v".
WARNING:Xst:647 - Input <Vcounter> is never used. This port will be preserved and left unconnected if it belongs to a top-level block or it belongs to a sub-block and the hierarchy of this sub-block is preserved.
    Found 2-bit register for signal <Blue>.
    Found 3-bit register for signal <Green>.
    Found 3-bit register for signal <Red>.
    Found 10-bit comparator less for signal <Red$cmp_lt0000> created at line 56.
    Summary:
	inferred   8 D-type flip-flop(s).
	inferred   1 Comparator(s).
Unit <pix_Controller> synthesized.


Synthesizing Unit <Ball_engine>.
    Related source file is "Ball_engine.v".
WARNING:Xst:647 - Input <Hcounter> is never used. This port will be preserved and left unconnected if it belongs to a top-level block or it belongs to a sub-block and the hierarchy of this sub-block is preserved.
WARNING:Xst:647 - Input <Vcounter> is never used. This port will be preserved and left unconnected if it belongs to a top-level block or it belongs to a sub-block and the hierarchy of this sub-block is preserved.
WARNING:Xst:646 - Signal <count_next<19:18>> is assigned but never used. This unconnected signal will be trimmed during the optimization process.
    Found 10-bit register for signal <Hcen>.
    Found 10-bit register for signal <Vcen>.
    Found 18-bit register for signal <count>.
    Found 18-bit adder carry out for signal <count_next$addsub0000> created at line 77.
    Found 10-bit adder for signal <Hcen_next$add0000> created at line 73.
    Found 10-bit subtractor for signal <Hcen_next$addsub0000> created at line 73.
    Found 1-bit register for signal <Hst>.
    Found 10-bit comparator greater for signal <Hst$cmp_gt0000> created at line 93.
    Found 10-bit comparator lessequal for signal <Hst$cmp_le0000> created at line 93.
    Found 10-bit comparator less for signal <Hst$cmp_lt0000> created at line 96.
    Found 10-bit adder for signal <Vcen_next$add0000> created at line 74.
    Found 10-bit subtractor for signal <Vcen_next$addsub0000> created at line 74.
    Found 1-bit register for signal <Vst>.
    Found 10-bit comparator greater for signal <Vst$cmp_gt0000> created at line 102.
    Found 10-bit comparator lessequal for signal <Vst$cmp_le0000> created at line 102.
    Found 10-bit comparator less for signal <Vst$cmp_lt0000> created at line 105.
    Summary:
	inferred  20 D-type flip-flop(s).
	inferred   5 Adder/Subtractor(s).
	inferred   6 Comparator(s).
Unit <Ball_engine> synthesized.


Synthesizing Unit <circle>.
    Related source file is "circle.v".
    Found 20-bit adder for signal <Dst>.
    Found 10-bit subtractor for signal <Hdiff>.
    Found 10x10-bit multiplier for signal <Hsq>.
    Found 21-bit comparator lessequal for signal <PixData$cmp_le0000> created at line 65.
    Found 10-bit subtractor for signal <Vdiff>.
    Found 10x10-bit multiplier for signal <Vsq>.
    Summary:
	inferred   3 Adder/Subtractor(s).
	inferred   2 Multiplier(s).
	inferred   1 Comparator(s).
Unit <circle> synthesized.


Synthesizing Unit <clkgen>.
    Related source file is "clkgen.v".
Unit <clkgen> synthesized.


Synthesizing Unit <main>.
    Related source file is "main.v".
WARNING:Xst:1780 - Signal <CharRst> is never used or assigned. This unconnected signal will be trimmed during the optimization process.
WARNING:Xst:1780 - Signal <CharData> is never used or assigned. This unconnected signal will be trimmed during the optimization process.
WARNING:Xst:1780 - Signal <CharBit> is never used or assigned. This unconnected signal will be trimmed during the optimization process.
    Found 1-bit register for signal <led<0>>.
    Found 21-bit up counter for signal <count>.
    Summary:
	inferred   1 Counter(s).
	inferred   1 D-type flip-flop(s).
Unit <main> synthesized.


=========================================================================
HDL Synthesis Report

Macro Statistics
# Multipliers                                          : 2
 10x10-bit multiplier                                  : 2
# Adders/Subtractors                                   : 10
 10-bit adder                                          : 4
 10-bit subtractor                                     : 4
 18-bit adder carry out                                : 1
 20-bit adder                                          : 1
# Counters                                             : 1
 21-bit up counter                                     : 1
# Registers                                            : 13
 1-bit register                                        : 5
 10-bit register                                       : 4
 18-bit register                                       : 1
 2-bit register                                        : 1
 3-bit register                                        : 2
# Comparators                                          : 14
 10-bit comparator greatequal                          : 2
 10-bit comparator greater                             : 2
 10-bit comparator less                                : 7
 10-bit comparator lessequal                           : 2
 21-bit comparator lessequal                           : 1

=========================================================================

=========================================================================
*                       Advanced HDL Synthesis                          *
=========================================================================


=========================================================================
Advanced HDL Synthesis Report

Macro Statistics
# Multipliers                                          : 2
 10x10-bit multiplier                                  : 2
# Adders/Subtractors                                   : 10
 10-bit adder                                          : 4
 10-bit subtractor                                     : 4
 18-bit adder carry out                                : 1
 20-bit adder                                          : 1
# Counters                                             : 1
 21-bit up counter                                     : 1
# Registers                                            : 71
 Flip-Flops                                            : 71
# Comparators                                          : 14
 10-bit comparator greatequal                          : 2
 10-bit comparator greater                             : 2
 10-bit comparator less                                : 7
 10-bit comparator lessequal                           : 2
 21-bit comparator lessequal                           : 1

=========================================================================

=========================================================================
*                         Low Level Synthesis                           *
=========================================================================
WARNING:Xst:1293 - FF/Latch <Vcen_0> has a constant value of 0 in block <Ball_engine>. This FF/Latch will be trimmed during the optimization process.
WARNING:Xst:1896 - Due to other FF/Latch trimming, FF/Latch <Hcen_1> has a constant value of 0 in block <Ball_engine>. This FF/Latch will be trimmed during the optimization process.
WARNING:Xst:1896 - Due to other FF/Latch trimming, FF/Latch <Hcen_0> has a constant value of 0 in block <Ball_engine>. This FF/Latch will be trimmed during the optimization process.

Optimizing unit <main> ...

Optimizing unit <VGAcontroller> ...

Optimizing unit <pix_Controller> ...

Optimizing unit <circle> ...

Optimizing unit <Ball_engine> ...

Mapping all equations...
Building and optimizing final netlist ...
INFO:Xst:2261 - The FF/Latch <framegen/Blue_1> in Unit <main> is equivalent to the following 4 FFs/Latches, which will be removed : <framegen/Blue_0> <framegen/Green_2> <framegen/Green_1> <framegen/Green_0> 
INFO:Xst:2261 - The FF/Latch <framegen/Red_2> in Unit <main> is equivalent to the following 2 FFs/Latches, which will be removed : <framegen/Red_1> <framegen/Red_0> 
Found area constraint ratio of 100 (+ 5) on block main, actual ratio is 14.
FlipFlop framegen/Blue_1 has been replicated 4 time(s) to handle iob=true attribute.
FlipFlop framegen/Red_2 has been replicated 2 time(s) to handle iob=true attribute.

Final Macro Processing ...

=========================================================================
Final Register Report

Macro Statistics
# Registers                                            : 89
 Flip-Flops                                            : 89

=========================================================================

=========================================================================
*                           Partition Report                            *
=========================================================================

Partition Implementation Status
-------------------------------

  No Partitions were found in this design.

-------------------------------

=========================================================================
*                            Final Report                               *
=========================================================================
Final Results
RTL Top Level Output File Name     : main.ngr
Top Level Output File Name         : main
Output Format                      : NGC
Optimization Goal                  : Speed
Keep Hierarchy                     : No

Design Statistics
# IOs                              : 20

Cell Usage :
# BELS                             : 398
#      GND                         : 1
#      INV                         : 12
#      LUT1                        : 56
#      LUT2                        : 52
#      LUT2_L                      : 2
#      LUT3                        : 12
#      LUT3_D                      : 3
#      LUT3_L                      : 2
#      LUT4                        : 42
#      LUT4_D                      : 5
#      LUT4_L                      : 5
#      MUXCY                       : 104
#      MUXF5                       : 2
#      VCC                         : 1
#      XORCY                       : 99
# FlipFlops/Latches                : 89
#      FDC                         : 33
#      FDCE                        : 21
#      FDE                         : 21
#      FDPE                        : 6
#      FDR                         : 8
# Clock Buffers                    : 1
#      BUFG                        : 1
# IO Buffers                       : 20
#      IBUF                        : 1
#      IBUFG                       : 1
#      OBUF                        : 18
# DCMs                             : 1
#      DCM_SP                      : 1
# MULTs                            : 2
#      MULT18X18SIO                : 2
=========================================================================

Device utilization summary:
---------------------------

Selected Device : 3s50atq144-4 

 Number of Slices:                       98  out of    704    13%  
 Number of Slice Flip Flops:             81  out of   1408     5%  
 Number of 4 input LUTs:                191  out of   1408    13%  
 Number of IOs:                          20
 Number of bonded IOBs:                  20  out of    108    18%  
    IOB Flip Flops:                       8
 Number of MULT18X18SIOs:                 2  out of      3    66%  
 Number of GCLKs:                         1  out of     24     4%  
 Number of DCMs:                          1  out of      2    50%  

---------------------------
Partition Resource Summary:
---------------------------

  No Partitions were found in this design.

---------------------------


=========================================================================
TIMING REPORT

NOTE: THESE TIMING NUMBERS ARE ONLY A SYNTHESIS ESTIMATE.
      FOR ACCURATE TIMING INFORMATION PLEASE REFER TO THE TRACE REPORT
      GENERATED AFTER PLACE-and-ROUTE.

Clock Information:
------------------
-----------------------------------+-------------------------------+-------+
Clock Signal                       | Clock buffer(FF name)         | Load  |
-----------------------------------+-------------------------------+-------+
clk                                | instance_name/DCM_SP_INST:CLK0| 81    |
controller/Hcounter_0              | NONE(framegen/Blue_1)         | 8     |
-----------------------------------+-------------------------------+-------+
INFO:Xst:2169 - HDL ADVISOR - Some clock signals were not automatically buffered by XST with BUFG/BUFR resources. Please use the buffer_type constraint in order to insert these buffers to the clock signals to help prevent skew problems.

Asynchronous Control Signals Information:
----------------------------------------
---------------------------------------------------+----------------------------+-------+
Control Signal                                     | Buffer(FF name)            | Load  |
---------------------------------------------------+----------------------------+-------+
Locked_inv(controller/Locked_inv1_INV_0:O)         | NONE(controller/Hcounter_0)| 43    |
engine/Hcen_Acst_inv(engine/Hcen_Acst_inv1_INV_0:O)| NONE(engine/Hcen_2)        | 17    |
---------------------------------------------------+----------------------------+-------+

Timing Summary:
---------------
Speed Grade: -4

   Minimum period: 5.613ns (Maximum Frequency: 178.158MHz)
   Minimum input arrival time before clock: 3.500ns
   Maximum output required time after clock: 5.531ns
   Maximum combinational path delay: No path found

Timing Detail:
--------------
All values displayed in nanoseconds (ns)

=========================================================================
Timing constraint: Default period analysis for Clock 'clk'
  Clock period: 5.613ns (frequency: 178.158MHz)
  Total number of paths / destination ports: 1300 / 110
-------------------------------------------------------------------------
Delay:               5.613ns (Levels of Logic = 12)
  Source:            controller/Hcounter_0 (FF)
  Destination:       controller/Hcounter_9 (FF)
  Source Clock:      clk rising
  Destination Clock: clk rising

  Data Path: controller/Hcounter_0 to controller/Hcounter_9
                                Gate     Net
    Cell:in->out      fanout   Delay   Delay  Logical Name (Net Name)
    ----------------------------------------  ------------
     FDC:C->Q             13   0.591   0.983  controller/Hcounter_0 (controller/Hcounter_0)
     INV:I->O              1   0.648   0.000  controller/Madd_Hcounter_next_addsub0000_lut<0>_INV_0 (controller/Madd_Hcounter_next_addsub0000_lut<0>)
     MUXCY:S->O            1   0.632   0.000  controller/Madd_Hcounter_next_addsub0000_cy<0> (controller/Madd_Hcounter_next_addsub0000_cy<0>)
     MUXCY:CI->O           1   0.065   0.000  controller/Madd_Hcounter_next_addsub0000_cy<1> (controller/Madd_Hcounter_next_addsub0000_cy<1>)
     MUXCY:CI->O           1   0.065   0.000  controller/Madd_Hcounter_next_addsub0000_cy<2> (controller/Madd_Hcounter_next_addsub0000_cy<2>)
     MUXCY:CI->O           1   0.065   0.000  controller/Madd_Hcounter_next_addsub0000_cy<3> (controller/Madd_Hcounter_next_addsub0000_cy<3>)
     MUXCY:CI->O           1   0.065   0.000  controller/Madd_Hcounter_next_addsub0000_cy<4> (controller/Madd_Hcounter_next_addsub0000_cy<4>)
     MUXCY:CI->O           1   0.065   0.000  controller/Madd_Hcounter_next_addsub0000_cy<5> (controller/Madd_Hcounter_next_addsub0000_cy<5>)
     MUXCY:CI->O           1   0.065   0.000  controller/Madd_Hcounter_next_addsub0000_cy<6> (controller/Madd_Hcounter_next_addsub0000_cy<6>)
     MUXCY:CI->O           1   0.065   0.000  controller/Madd_Hcounter_next_addsub0000_cy<7> (controller/Madd_Hcounter_next_addsub0000_cy<7>)
     MUXCY:CI->O           0   0.065   0.000  controller/Madd_Hcounter_next_addsub0000_cy<8> (controller/Madd_Hcounter_next_addsub0000_cy<8>)
     XORCY:CI->O           1   0.844   0.500  controller/Madd_Hcounter_next_addsub0000_xor<9> (controller/Hcounter_next_addsub0000<9>)
     LUT2:I1->O            1   0.643   0.000  controller/Hcounter_next<9>1 (controller/Hcounter_next<9>)
     FDC:D                     0.252          controller/Hcounter_9
    ----------------------------------------
    Total                      5.613ns (4.130ns logic, 1.483ns route)
                                       (73.6% logic, 26.4% route)

=========================================================================
Timing constraint: Default OFFSET IN BEFORE for Clock 'clk'
  Total number of paths / destination ports: 20 / 20
-------------------------------------------------------------------------
Offset:              3.500ns (Levels of Logic = 2)
  Source:            push_btn (PAD)
  Destination:       engine/Vst (FF)
  Destination Clock: clk rising

  Data Path: push_btn to engine/Vst
                                Gate     Net
    Cell:in->out      fanout   Delay   Delay  Logical Name (Net Name)
    ----------------------------------------  ------------
     IBUF:I->O            21   0.849   1.271  push_btn_IBUF (push_btn_IBUF)
     LUT4:I0->O            1   0.648   0.420  engine/Vst_and0000 (engine/Vst_and0000)
     FDE:CE                    0.312          engine/Vst
    ----------------------------------------
    Total                      3.500ns (1.809ns logic, 1.691ns route)
                                       (51.7% logic, 48.3% route)

=========================================================================
Timing constraint: Default OFFSET OUT AFTER for Clock 'clk'
  Total number of paths / destination ports: 3 / 3
-------------------------------------------------------------------------
Offset:              5.531ns (Levels of Logic = 1)
  Source:            controller/Vsync (FF)
  Destination:       Vsync (PAD)
  Source Clock:      clk rising

  Data Path: controller/Vsync to Vsync
                                Gate     Net
    Cell:in->out      fanout   Delay   Delay  Logical Name (Net Name)
    ----------------------------------------  ------------
     FDC:C->Q              1   0.591   0.420  controller/Vsync (controller/Vsync)
     OBUF:I->O                 4.520          Vsync_OBUF (Vsync)
    ----------------------------------------
    Total                      5.531ns (5.111ns logic, 0.420ns route)
                                       (92.4% logic, 7.6% route)

=========================================================================
Timing constraint: Default OFFSET OUT AFTER for Clock 'controller/Hcounter_0'
  Total number of paths / destination ports: 8 / 8
-------------------------------------------------------------------------
Offset:              5.531ns (Levels of Logic = 1)
  Source:            framegen/Blue_1_1 (FF)
  Destination:       Blue<1> (PAD)
  Source Clock:      controller/Hcounter_0 rising

  Data Path: framegen/Blue_1_1 to Blue<1>
                                Gate     Net
    Cell:in->out      fanout   Delay   Delay  Logical Name (Net Name)
    ----------------------------------------  ------------
     FDR:C->Q              1   0.591   0.420  framegen/Blue_1_1 (framegen/Blue_1_1)
     OBUF:I->O                 4.520          Blue_1_OBUF (Blue<1>)
    ----------------------------------------
    Total                      5.531ns (5.111ns logic, 0.420ns route)
                                       (92.4% logic, 7.6% route)

=========================================================================


Total REAL time to Xst completion: 6.00 secs
Total CPU time to Xst completion: 5.81 secs
 
--> 

Total memory usage is 4568136 kilobytes

Number of errors   :    0 (   0 filtered)
Number of warnings :   10 (   0 filtered)
Number of infos    :   12 (   0 filtered)

