Release 14.7 - xst P.20131013 (nt64)
Copyright (c) 1995-2013 Xilinx, Inc.  All rights reserved.
--> Parameter TMPDIR set to xst/projnav.tmp


Total REAL time to Xst completion: 0.00 secs
Total CPU time to Xst completion: 0.15 secs
 
--> Parameter xsthdpdir set to xst


Total REAL time to Xst completion: 0.00 secs
Total CPU time to Xst completion: 0.15 secs
 
--> Reading design: main.prj

TABLE OF CONTENTS
  1) Synthesis Options Summary
  2) HDL Compilation
  3) Design Hierarchy Analysis
  4) HDL Analysis
  5) HDL Synthesis
     5.1) HDL Synthesis Report
  6) Advanced HDL Synthesis
     6.1) Advanced HDL Synthesis Report
  7) Low Level Synthesis
  8) Partition Report
  9) Final Report
	9.1) Device utilization summary
	9.2) Partition Resource Summary
	9.3) TIMING REPORT


=========================================================================
*                      Synthesis Options Summary                        *
=========================================================================
---- Source Parameters
Input File Name                    : "main.prj"
Input Format                       : mixed
Ignore Synthesis Constraint File   : NO

---- Target Parameters
Output File Name                   : "main"
Output Format                      : NGC
Target Device                      : xc3s50a-4-tq144

---- Source Options
Top Module Name                    : main
Automatic FSM Extraction           : YES
FSM Encoding Algorithm             : Auto
Safe Implementation                : No
FSM Style                          : LUT
RAM Extraction                     : Yes
RAM Style                          : Auto
ROM Extraction                     : Yes
Mux Style                          : Auto
Decoder Extraction                 : YES
Priority Encoder Extraction        : Yes
Shift Register Extraction          : YES
Logical Shifter Extraction         : YES
XOR Collapsing                     : YES
ROM Style                          : Auto
Mux Extraction                     : Yes
Resource Sharing                   : YES
Asynchronous To Synchronous        : NO
Multiplier Style                   : Auto
Automatic Register Balancing       : No

---- Target Options
Add IO Buffers                     : YES
Global Maximum Fanout              : 100000
Add Generic Clock Buffer(BUFG)     : 24
Register Duplication               : YES
Slice Packing                      : YES
Optimize Instantiated Primitives   : NO
Use Clock Enable                   : Yes
Use Synchronous Set                : Yes
Use Synchronous Reset              : Yes
Pack IO Registers into IOBs        : Auto
Equivalent register Removal        : YES

---- General Options
Optimization Goal                  : Speed
Optimization Effort                : 1
Keep Hierarchy                     : No
Netlist Hierarchy                  : As_Optimized
RTL Output                         : Yes
Global Optimization                : AllClockNets
Read Cores                         : YES
Write Timing Constraints           : NO
Cross Clock Analysis               : NO
Hierarchy Separator                : /
Bus Delimiter                      : <>
Case Specifier                     : Maintain
Slice Utilization Ratio            : 100
BRAM Utilization Ratio             : 100
Verilog 2001                       : YES
Auto BRAM Packing                  : NO
Slice Utilization Ratio Delta      : 5

=========================================================================


=========================================================================
*                          HDL Compilation                              *
=========================================================================
Compiling verilog file "VGA_controller.v" in library work
Compiling verilog file "stage2.v" in library work
Module <VGAcontroller> compiled
Compiling verilog file "PS2_RxModule.v" in library work
Module <stage2> compiled
Compiling verilog file "pix_Controller.v" in library work
Module <PS2_RxModule> compiled
Compiling verilog file "mouse_posn.v" in library work
Module <pix_Controller> compiled
Compiling verilog file "MOUSE_FSM.v" in library work
Module <mouse_posn> compiled
Compiling verilog file "clkgen.v" in library work
Module <MOUSE_FSM_CMD> compiled
Compiling verilog file "circle.v" in library work
Module <clkgen> compiled
Compiling verilog file "Ball_engine.v" in library work
Module <circle> compiled
Compiling verilog file "main.v" in library work
Module <Ball_engine> compiled
Module <main> compiled
No errors in compilation
Analysis of file <"main.prj"> succeeded.
 

=========================================================================
*                     Design Hierarchy Analysis                         *
=========================================================================
Analyzing hierarchy for module <main> in library <work>.

Analyzing hierarchy for module <clkgen> in library <work>.

Analyzing hierarchy for module <stage2> in library <work> with parameters.
	ACK_CLK_LOW = "1110"
	ACK_DATA_LOW = "1101"
	DATA0 = "0011"
	DATA1 = "0100"
	DATA2 = "0101"
	DATA3 = "0110"
	DATA4 = "0111"
	DATA5 = "1000"
	DATA6 = "1001"
	DATA7 = "1010"
	HOLD_CLK = "0001"
	IDLE = "0000"
	PARITY = "1011"
	START_BIT = "0010"
	STOP = "1100"
	TX_END = "1111"

Analyzing hierarchy for module <MOUSE_FSM_CMD> in library <work>.

Analyzing hierarchy for module <PS2_RxModule> in library <work>.

Analyzing hierarchy for module <pix_Controller> in library <work>.

Analyzing hierarchy for module <VGAcontroller> in library <work>.

Analyzing hierarchy for module <mouse_posn> in library <work>.

Analyzing hierarchy for module <circle> in library <work>.

Analyzing hierarchy for module <Ball_engine> in library <work>.


=========================================================================
*                            HDL Analysis                               *
=========================================================================
Analyzing top module <main>.
Module <main> is correct for synthesis.
 
Analyzing module <clkgen> in library <work>.
Module <clkgen> is correct for synthesis.
 
    Set user-defined property "CAPACITANCE =  DONT_CARE" for instance <CLKIN_IBUFG_INST> in unit <clkgen>.
    Set user-defined property "IBUF_DELAY_VALUE =  0" for instance <CLKIN_IBUFG_INST> in unit <clkgen>.
    Set user-defined property "IBUF_LOW_PWR =  TRUE" for instance <CLKIN_IBUFG_INST> in unit <clkgen>.
    Set user-defined property "IOSTANDARD =  DEFAULT" for instance <CLKIN_IBUFG_INST> in unit <clkgen>.
    Set user-defined property "CLKDV_DIVIDE =  2.000000" for instance <DCM_SP_INST> in unit <clkgen>.
    Set user-defined property "CLKFX_DIVIDE =  1" for instance <DCM_SP_INST> in unit <clkgen>.
    Set user-defined property "CLKFX_MULTIPLY =  4" for instance <DCM_SP_INST> in unit <clkgen>.
    Set user-defined property "CLKIN_DIVIDE_BY_2 =  FALSE" for instance <DCM_SP_INST> in unit <clkgen>.
    Set user-defined property "CLKIN_PERIOD =  40.000000" for instance <DCM_SP_INST> in unit <clkgen>.
    Set user-defined property "CLKOUT_PHASE_SHIFT =  NONE" for instance <DCM_SP_INST> in unit <clkgen>.
    Set user-defined property "CLK_FEEDBACK =  1X" for instance <DCM_SP_INST> in unit <clkgen>.
    Set user-defined property "DESKEW_ADJUST =  SYSTEM_SYNCHRONOUS" for instance <DCM_SP_INST> in unit <clkgen>.
    Set user-defined property "DFS_FREQUENCY_MODE =  LOW" for instance <DCM_SP_INST> in unit <clkgen>.
    Set user-defined property "DLL_FREQUENCY_MODE =  LOW" for instance <DCM_SP_INST> in unit <clkgen>.
    Set user-defined property "DSS_MODE =  NONE" for instance <DCM_SP_INST> in unit <clkgen>.
    Set user-defined property "DUTY_CYCLE_CORRECTION =  TRUE" for instance <DCM_SP_INST> in unit <clkgen>.
    Set user-defined property "FACTORY_JF =  C080" for instance <DCM_SP_INST> in unit <clkgen>.
    Set user-defined property "PHASE_SHIFT =  0" for instance <DCM_SP_INST> in unit <clkgen>.
    Set user-defined property "STARTUP_WAIT =  FALSE" for instance <DCM_SP_INST> in unit <clkgen>.
Analyzing module <stage2> in library <work>.
	ACK_CLK_LOW = 4'b1110
	ACK_DATA_LOW = 4'b1101
	DATA0 = 4'b0011
	DATA1 = 4'b0100
	DATA2 = 4'b0101
	DATA3 = 4'b0110
	DATA4 = 4'b0111
	DATA5 = 4'b1000
	DATA6 = 4'b1001
	DATA7 = 4'b1010
	HOLD_CLK = 4'b0001
	IDLE = 4'b0000
	PARITY = 4'b1011
	START_BIT = 4'b0010
	STOP = 4'b1100
	TX_END = 4'b1111
Module <stage2> is correct for synthesis.
 
Analyzing module <MOUSE_FSM_CMD> in library <work>.
Module <MOUSE_FSM_CMD> is correct for synthesis.
 
Analyzing module <PS2_RxModule> in library <work>.
Module <PS2_RxModule> is correct for synthesis.
 
Analyzing module <pix_Controller> in library <work>.
Module <pix_Controller> is correct for synthesis.
 
Analyzing module <VGAcontroller> in library <work>.
Module <VGAcontroller> is correct for synthesis.
 
Analyzing module <mouse_posn> in library <work>.
Module <mouse_posn> is correct for synthesis.
 
Analyzing module <circle> in library <work>.
Module <circle> is correct for synthesis.
 
Analyzing module <Ball_engine> in library <work>.
Module <Ball_engine> is correct for synthesis.
 

=========================================================================
*                           HDL Synthesis                               *
=========================================================================

Performing bidirectional port resolution...
INFO:Xst:2679 - Register <Hsp> in unit <Ball_engine> has a constant value of 0000000100 during circuit operation. The register is replaced by logic.
INFO:Xst:2679 - Register <Vsp> in unit <Ball_engine> has a constant value of 0000000100 during circuit operation. The register is replaced by logic.

Synthesizing Unit <stage2>.
    Related source file is "stage2.v".
    Found finite state machine <FSM_0> for signal <curr_state>.
    -----------------------------------------------------------------------
    | States             | 16                                             |
    | Transitions        | 33                                             |
    | Inputs             | 6                                              |
    | Outputs            | 17                                             |
    | Clock              | clk                       (rising_edge)        |
    | Reset              | locked                    (negative)           |
    | Reset type         | synchronous                                    |
    | Reset State        | 0000                                           |
    | Encoding           | automatic                                      |
    | Implementation     | LUT                                            |
    -----------------------------------------------------------------------
    Found 1-bit register for signal <curr_ps2data_en>.
    Found 1-bit register for signal <curr_ps2clk_en>.
    Found 1-bit register for signal <curr_dout>.
    Found 1-bit register for signal <curr_data_sent>.
    Found 8-bit register for signal <curr_data_to_send>.
    Found 1-bit register for signal <curr_hold_ps2clk_en>.
    Found 12-bit up counter for signal <hold_count>.
    Found 1-bit xor8 for signal <next_dout$xor0000>.
    Found 1-bit register for signal <ps2clk_in>.
    Found 1-bit register for signal <ps2data_in>.
    Summary:
	inferred   1 Finite State Machine(s).
	inferred   1 Counter(s).
	inferred  15 D-type flip-flop(s).
	inferred   1 Xor(s).
Unit <stage2> synthesized.


Synthesizing Unit <MOUSE_FSM_CMD>.
    Related source file is "MOUSE_FSM.v".
    Found finite state machine <FSM_1> for signal <curr_state>.
    -----------------------------------------------------------------------
    | States             | 11                                             |
    | Transitions        | 32                                             |
    | Inputs             | 7                                              |
    | Outputs            | 13                                             |
    | Clock              | clk                       (rising_edge)        |
    | Reset              | reset                     (positive)           |
    | Reset type         | synchronous                                    |
    | Reset State        | 0000                                           |
    | Encoding           | automatic                                      |
    | Implementation     | LUT                                            |
    -----------------------------------------------------------------------
    Found 8-bit register for signal <curr_cmd_buf>.
    Found 1-bit register for signal <curr_packet_complete>.
    Found 1-bit register for signal <curr_rx_buf>.
    Found 1-bit register for signal <curr_rx_en>.
    Found 1-bit register for signal <curr_trig_send>.
    Found 16-bit register for signal <curr_wait_count>.
    Found 8-bit register for signal <curr_Xbuf>.
    Found 8-bit register for signal <curr_Ybuf>.
    Found 8-bit register for signal <curr_Zbuf>.
    Found 16-bit adder for signal <next_wait_count$addsub0000> created at line 110.
    Summary:
	inferred   1 Finite State Machine(s).
	inferred  52 D-type flip-flop(s).
	inferred   1 Adder/Subtractor(s).
Unit <MOUSE_FSM_CMD> synthesized.


Synthesizing Unit <PS2_RxModule>.
    Related source file is "PS2_RxModule.v".
    Found finite state machine <FSM_2> for signal <curr_state>.
    -----------------------------------------------------------------------
    | States             | 5                                              |
    | Transitions        | 13                                             |
    | Inputs             | 5                                              |
    | Outputs            | 9                                              |
    | Clock              | clk                       (rising_edge)        |
    | Reset              | Locked                    (negative)           |
    | Reset type         | synchronous                                    |
    | Reset State        | 000                                            |
    | Encoding           | automatic                                      |
    | Implementation     | LUT                                            |
    -----------------------------------------------------------------------
    Found 4-bit register for signal <curr_bitcount>.
    Found 2-bit register for signal <curr_errorcode>.
    Found 1-bit register for signal <curr_rx_complete>.
    Found 8-bit register for signal <curr_rxbuf>.
    Found 16-bit register for signal <curr_timeoutcount>.
    Found 4-bit adder for signal <next_bitcount$addsub0000> created at line 119.
    Found 1-bit xor8 for signal <next_errorcode_0$xor0000>.
    Found 1-bit xor2 for signal <next_errorcode_0$xor0001> created at line 129.
    Found 1-bit register for signal <ps2clk_in>.
    Found 1-bit register for signal <ps2data_in>.
    Found 1-bit register for signal <ps2data_q>.
    Summary:
	inferred   1 Finite State Machine(s).
	inferred  34 D-type flip-flop(s).
	inferred   2 Adder/Subtractor(s).
	inferred   1 Xor(s).
Unit <PS2_RxModule> synthesized.


Synthesizing Unit <pix_Controller>.
    Related source file is "pix_Controller.v".
WARNING:Xst:647 - Input <Vcounter> is never used. This port will be preserved and left unconnected if it belongs to a top-level block or it belongs to a sub-block and the hierarchy of this sub-block is preserved.
    Found 2-bit register for signal <Blue>.
    Found 3-bit register for signal <Green>.
    Found 3-bit register for signal <Red>.
    Found 10-bit comparator less for signal <Red$cmp_lt0000> created at line 56.
    Summary:
	inferred   8 D-type flip-flop(s).
	inferred   1 Comparator(s).
Unit <pix_Controller> synthesized.


Synthesizing Unit <VGAcontroller>.
    Related source file is "VGA_controller.v".
    Found 1-bit register for signal <Vsync>.
    Found 10-bit register for signal <Hcounter>.
    Found 10-bit register for signal <Vcounter>.
    Found 1-bit register for signal <Hsync>.
    Found 10-bit adder for signal <Hcounter_next$addsub0000> created at line 47.
    Found 10-bit comparator less for signal <Hsync_next$cmp_lt0000> created at line 49.
    Found 10-bit comparator less for signal <Hsync_next$cmp_lt0001> created at line 49.
    Found 10-bit comparator greatequal for signal <Vcounter$cmp_ge0000> created at line 62.
    Found 10-bit adder for signal <Vcounter_next$addsub0000> created at line 48.
    Found 10-bit comparator greatequal for signal <Vcounter_next$cmp_ge0000> created at line 48.
    Found 10-bit comparator less for signal <Vsync_next$cmp_lt0000> created at line 50.
    Found 10-bit comparator less for signal <Vsync_next$cmp_lt0001> created at line 50.
    Summary:
	inferred  22 D-type flip-flop(s).
	inferred   2 Adder/Subtractor(s).
	inferred   6 Comparator(s).
Unit <VGAcontroller> synthesized.


Synthesizing Unit <mouse_posn>.
    Related source file is "mouse_posn.v".
WARNING:Xst:647 - Input <StatusByte<3:0>> is never used. This port will be preserved and left unconnected if it belongs to a top-level block or it belongs to a sub-block and the hierarchy of this sub-block is preserved.
WARNING:Xst:737 - Found 10-bit latch for signal <next_Xposn>. Latches may be generated from incomplete case or if statements. We do not recommend the use of latches in FPGA/CPLD designs, as they may lead to timing problems.
WARNING:Xst:737 - Found 10-bit latch for signal <next_Yposn>. Latches may be generated from incomplete case or if statements. We do not recommend the use of latches in FPGA/CPLD designs, as they may lead to timing problems.
    Found 10-bit register for signal <Xposn>.
    Found 10-bit register for signal <Yposn>.
    Found 10-bit adder for signal <next_Xposn$addsub0000> created at line 59.
    Found 10-bit comparator greater for signal <next_Xposn$cmp_gt0000> created at line 57.
    Found 10-bit comparator less for signal <next_Xposn$cmp_lt0000> created at line 58.
    Found 10-bit subtractor for signal <next_Yposn$addsub0000> created at line 65.
    Found 10-bit comparator greater for signal <next_Yposn$cmp_gt0000> created at line 63.
    Found 10-bit comparator less for signal <next_Yposn$cmp_lt0000> created at line 64.
    Summary:
	inferred  20 D-type flip-flop(s).
	inferred   2 Adder/Subtractor(s).
	inferred   4 Comparator(s).
Unit <mouse_posn> synthesized.


Synthesizing Unit <circle>.
    Related source file is "circle.v".
WARNING:Xst:646 - Signal <oddev> is assigned but never used. This unconnected signal will be trimmed during the optimization process.
WARNING:Xst:646 - Signal <Wrem> is assigned but never used. This unconnected signal will be trimmed during the optimization process.
WARNING:Xst:646 - Signal <Hrem> is assigned but never used. This unconnected signal will be trimmed during the optimization process.
    Found 10-bit adder carry out for signal <add0000$addsub0000> created at line 66.
    Found 20-bit adder for signal <Dst>.
    Found 10-bit subtractor for signal <Hdiff>.
    Found 10x10-bit multiplier for signal <Hsq>.
    Found 12-bit comparator greater for signal <PixData$cmp_gt0000> created at line 66.
    Found 21-bit comparator lessequal for signal <PixData$cmp_le0000> created at line 66.
    Found 11-bit comparator less for signal <PixData$cmp_lt0000> created at line 66.
    Found 12-bit subtractor for signal <PixData$sub0000> created at line 66.
    Found 10-bit subtractor for signal <Vdiff>.
    Found 10x10-bit multiplier for signal <Vsq>.
    Summary:
	inferred   5 Adder/Subtractor(s).
	inferred   2 Multiplier(s).
	inferred   3 Comparator(s).
Unit <circle> synthesized.


Synthesizing Unit <Ball_engine>.
    Related source file is "Ball_engine.v".
WARNING:Xst:647 - Input <Hcounter> is never used. This port will be preserved and left unconnected if it belongs to a top-level block or it belongs to a sub-block and the hierarchy of this sub-block is preserved.
WARNING:Xst:647 - Input <Vcounter> is never used. This port will be preserved and left unconnected if it belongs to a top-level block or it belongs to a sub-block and the hierarchy of this sub-block is preserved.
WARNING:Xst:646 - Signal <count_next<19:18>> is assigned but never used. This unconnected signal will be trimmed during the optimization process.
WARNING:Xst:646 - Signal <Hmin> is assigned but never used. This unconnected signal will be trimmed during the optimization process.
    Found 10-bit register for signal <Hcen>.
    Found 10-bit register for signal <Vcen>.
    Found 10-bit adder carry out for signal <add0000$addsub0000> created at line 95.
    Found 18-bit register for signal <count>.
    Found 18-bit adder carry out for signal <count_next$addsub0000> created at line 79.
    Found 10-bit adder for signal <Hcen_next$add0000> created at line 75.
    Found 10-bit subtractor for signal <Hcen_next$addsub0000> created at line 75.
    Found 1-bit register for signal <Hst>.
    Found 11-bit comparator greater for signal <Hst$cmp_gt0000> created at line 95.
    Found 11-bit comparator lessequal for signal <Hst$cmp_le0000> created at line 95.
    Found 10-bit comparator less for signal <Hst$cmp_lt0000> created at line 98.
    Found 10-bit adder for signal <Vcen_next$add0000> created at line 76.
    Found 10-bit subtractor for signal <Vcen_next$addsub0000> created at line 76.
    Found 1-bit register for signal <Vst>.
    Found 10-bit comparator greater for signal <Vst$cmp_gt0000> created at line 104.
    Found 10-bit comparator lessequal for signal <Vst$cmp_le0000> created at line 104.
    Found 10-bit comparator less for signal <Vst$cmp_lt0000> created at line 107.
    Summary:
	inferred  20 D-type flip-flop(s).
	inferred   6 Adder/Subtractor(s).
	inferred   6 Comparator(s).
Unit <Ball_engine> synthesized.


Synthesizing Unit <clkgen>.
    Related source file is "clkgen.v".
Unit <clkgen> synthesized.


Synthesizing Unit <main>.
    Related source file is "main.v".
WARNING:Xst:1780 - Signal <zbyte> is never used or assigned. This unconnected signal will be trimmed during the optimization process.
WARNING:Xst:1780 - Signal <ybyte> is never used or assigned. This unconnected signal will be trimmed during the optimization process.
WARNING:Xst:1780 - Signal <xbyte> is never used or assigned. This unconnected signal will be trimmed during the optimization process.
WARNING:Xst:1780 - Signal <rx_complete_in> is never used or assigned. This unconnected signal will be trimmed during the optimization process.
WARNING:Xst:646 - Signal <filtered_clk> is assigned but never used. This unconnected signal will be trimmed during the optimization process.
WARNING:Xst:646 - Signal <debug_fsm_state> is assigned but never used. This unconnected signal will be trimmed during the optimization process.
WARNING:Xst:1780 - Signal <data_sent_trig> is never used or assigned. This unconnected signal will be trimmed during the optimization process.
WARNING:Xst:1780 - Signal <count_next> is never used or assigned. This unconnected signal will be trimmed during the optimization process.
WARNING:Xst:1780 - Signal <Zwire> is never used or assigned. This unconnected signal will be trimmed during the optimization process.
WARNING:Xst:1780 - Signal <Ywire> is never used or assigned. This unconnected signal will be trimmed during the optimization process.
WARNING:Xst:1780 - Signal <Xwire> is never used or assigned. This unconnected signal will be trimmed during the optimization process.
WARNING:Xst:646 - Signal <Vposn> is assigned but never used. This unconnected signal will be trimmed during the optimization process.
WARNING:Xst:1780 - Signal <Vcen> is never used or assigned. This unconnected signal will be trimmed during the optimization process.
WARNING:Xst:1780 - Signal <Hcen> is never used or assigned. This unconnected signal will be trimmed during the optimization process.
WARNING:Xst:646 - Signal <DigCh> is assigned but never used. This unconnected signal will be trimmed during the optimization process.
WARNING:Xst:653 - Signal <ClkMouseOutEnTrans> is used but never assigned. This sourceless signal will be automatically connected to value 0.
WARNING:Xst:646 - Signal <ClkMouseOutEn> is assigned but never used. This unconnected signal will be trimmed during the optimization process.
    Found 1-bit tristate buffer for signal <PS2_CLK>.
    Found 1-bit tristate buffer for signal <PS2_DAT>.
    Found 12-bit up counter for signal <clk_divider>.
    Found 1-bit register for signal <ClkMouseIn>.
    Found 8-bit register for signal <MouseClkFilter>.
    Found 3-bit register for signal <ring_buf>.
    Summary:
	inferred   1 Counter(s).
	inferred  12 D-type flip-flop(s).
	inferred   2 Tristate(s).
Unit <main> synthesized.


=========================================================================
HDL Synthesis Report

Macro Statistics
# Multipliers                                          : 2
 10x10-bit multiplier                                  : 2
# Adders/Subtractors                                   : 18
 10-bit adder                                          : 5
 10-bit adder carry out                                : 2
 10-bit subtractor                                     : 5
 12-bit subtractor                                     : 1
 16-bit adder                                          : 2
 18-bit adder carry out                                : 1
 20-bit adder                                          : 1
 4-bit adder                                           : 1
# Counters                                             : 2
 12-bit up counter                                     : 2
# Registers                                            : 50
 1-bit register                                        : 30
 10-bit register                                       : 6
 16-bit register                                       : 2
 18-bit register                                       : 1
 2-bit register                                        : 2
 3-bit register                                        : 2
 4-bit register                                        : 1
 8-bit register                                        : 6
# Latches                                              : 2
 10-bit latch                                          : 2
# Comparators                                          : 20
 10-bit comparator greatequal                          : 2
 10-bit comparator greater                             : 3
 10-bit comparator less                                : 9
 10-bit comparator lessequal                           : 1
 11-bit comparator greater                             : 1
 11-bit comparator less                                : 1
 11-bit comparator lessequal                           : 1
 12-bit comparator greater                             : 1
 21-bit comparator lessequal                           : 1
# Tristates                                            : 2
 1-bit tristate buffer                                 : 2
# Xors                                                 : 3
 1-bit xor2                                            : 1
 1-bit xor8                                            : 2

=========================================================================

=========================================================================
*                       Advanced HDL Synthesis                          *
=========================================================================

Analyzing FSM <FSM_2> for best encoding.
Optimizing FSM <V2/curr_state/FSM> on signal <curr_state[1:3]> with gray encoding.
-------------------
 State | Encoding
-------------------
 000   | 000
 001   | 001
 010   | 011
 011   | 010
 100   | 110
-------------------
Analyzing FSM <FSM_1> for best encoding.
Optimizing FSM <control_module/curr_state/FSM> on signal <curr_state[1:11]> with one-hot encoding.
----------------------
 State | Encoding
----------------------
 0000  | 00000000001
 0001  | 00000000010
 0010  | 00000000100
 0011  | 00000001000
 0100  | 00000010000
 0101  | 00000100000
 0110  | 00001000000
 0111  | 00010000000
 1000  | 00100000000
 1001  | 01000000000
 1010  | 10000000000
----------------------
Analyzing FSM <FSM_0> for best encoding.
Optimizing FSM <MouseTransmitter/curr_state/FSM> on signal <curr_state[1:16]> with one-hot encoding.
---------------------------
 State | Encoding
---------------------------
 0000  | 0000000000000001
 0001  | 0000000000000010
 0010  | 0000000000000100
 0011  | 0000000000001000
 0100  | 0000000000010000
 0101  | 0000000000100000
 0110  | 0000000001000000
 0111  | 0000000010000000
 1000  | 0000000100000000
 1001  | 0000001000000000
 1010  | 0000010000000000
 1011  | 0000100000000000
 1100  | 0001000000000000
 1101  | 0010000000000000
 1110  | 0100000000000000
 1111  | 1000000000000000
---------------------------
WARNING:Xst:1710 - FF/Latch <Blue_0> (without init value) has a constant value of 0 in block <image_handler>. This FF/Latch will be trimmed during the optimization process.
WARNING:Xst:1710 - FF/Latch <Blue_1> (without init value) has a constant value of 0 in block <image_handler>. This FF/Latch will be trimmed during the optimization process.
WARNING:Xst:2677 - Node <curr_Zbuf_0> of sequential type is unconnected in block <control_module>.
WARNING:Xst:2677 - Node <curr_Zbuf_1> of sequential type is unconnected in block <control_module>.
WARNING:Xst:2677 - Node <curr_Zbuf_2> of sequential type is unconnected in block <control_module>.
WARNING:Xst:2677 - Node <curr_Zbuf_3> of sequential type is unconnected in block <control_module>.
WARNING:Xst:2677 - Node <curr_Zbuf_5> of sequential type is unconnected in block <control_module>.
WARNING:Xst:2677 - Node <curr_Zbuf_7> of sequential type is unconnected in block <control_module>.
WARNING:Xst:2677 - Node <curr_errorcode_1> of sequential type is unconnected in block <V2>.

=========================================================================
Advanced HDL Synthesis Report

Macro Statistics
# FSMs                                                 : 3
# Multipliers                                          : 2
 10x10-bit multiplier                                  : 2
# Adders/Subtractors                                   : 18
 10-bit adder                                          : 5
 10-bit adder carry out                                : 2
 10-bit subtractor                                     : 5
 12-bit subtractor                                     : 1
 16-bit adder                                          : 2
 18-bit adder carry out                                : 1
 20-bit adder                                          : 1
 4-bit adder                                           : 1
# Counters                                             : 1
 12-bit up counter                                     : 1
# Registers                                            : 199
 Flip-Flops                                            : 199
# Latches                                              : 2
 10-bit latch                                          : 2
# Comparators                                          : 20
 10-bit comparator greatequal                          : 2
 10-bit comparator greater                             : 3
 10-bit comparator less                                : 9
 10-bit comparator lessequal                           : 1
 11-bit comparator greater                             : 1
 11-bit comparator less                                : 1
 11-bit comparator lessequal                           : 1
 12-bit comparator greater                             : 1
 21-bit comparator lessequal                           : 1
# Xors                                                 : 3
 1-bit xor2                                            : 1
 1-bit xor8                                            : 2

=========================================================================

=========================================================================
*                         Low Level Synthesis                           *
=========================================================================
INFO:Xst:2261 - The FF/Latch <curr_ps2clk_en> in Unit <stage2> is equivalent to the following FF/Latch, which will be removed : <curr_hold_ps2clk_en> 
WARNING:Xst:1293 - FF/Latch <Vcen_0> has a constant value of 0 in block <Ball_engine>. This FF/Latch will be trimmed during the optimization process.
WARNING:Xst:1896 - Due to other FF/Latch trimming, FF/Latch <Hcen_1> has a constant value of 0 in block <Ball_engine>. This FF/Latch will be trimmed during the optimization process.
WARNING:Xst:1896 - Due to other FF/Latch trimming, FF/Latch <Hcen_0> has a constant value of 0 in block <Ball_engine>. This FF/Latch will be trimmed during the optimization process.

Optimizing unit <main> ...

Optimizing unit <stage2> ...

Optimizing unit <MOUSE_FSM_CMD> ...

Optimizing unit <PS2_RxModule> ...

Optimizing unit <pix_Controller> ...

Optimizing unit <VGAcontroller> ...

Optimizing unit <circle> ...

Optimizing unit <mouse_posn> ...

Optimizing unit <Ball_engine> ...
WARNING:Xst:1710 - FF/Latch <image_handler/Blue_1> (without init value) has a constant value of 0 in block <main>. This FF/Latch will be trimmed during the optimization process.
WARNING:Xst:1710 - FF/Latch <image_handler/Blue_0> (without init value) has a constant value of 0 in block <main>. This FF/Latch will be trimmed during the optimization process.
WARNING:Xst:2677 - Node <control_module/curr_Ybuf_7> of sequential type is unconnected in block <main>.
WARNING:Xst:2677 - Node <control_module/curr_Ybuf_6> of sequential type is unconnected in block <main>.
WARNING:Xst:2677 - Node <control_module/curr_Ybuf_5> of sequential type is unconnected in block <main>.
WARNING:Xst:2677 - Node <control_module/curr_Ybuf_4> of sequential type is unconnected in block <main>.
WARNING:Xst:2677 - Node <control_module/curr_Ybuf_3> of sequential type is unconnected in block <main>.
WARNING:Xst:2677 - Node <control_module/curr_Ybuf_2> of sequential type is unconnected in block <main>.
WARNING:Xst:2677 - Node <control_module/curr_Ybuf_1> of sequential type is unconnected in block <main>.
WARNING:Xst:2677 - Node <control_module/curr_Ybuf_0> of sequential type is unconnected in block <main>.
WARNING:Xst:2677 - Node <control_module/curr_Zbuf_7> of sequential type is unconnected in block <main>.
WARNING:Xst:2677 - Node <control_module/curr_Zbuf_5> of sequential type is unconnected in block <main>.
WARNING:Xst:2677 - Node <control_module/curr_Zbuf_3> of sequential type is unconnected in block <main>.
WARNING:Xst:2677 - Node <control_module/curr_Zbuf_2> of sequential type is unconnected in block <main>.
WARNING:Xst:2677 - Node <control_module/curr_Zbuf_1> of sequential type is unconnected in block <main>.
WARNING:Xst:2677 - Node <control_module/curr_Zbuf_0> of sequential type is unconnected in block <main>.
WARNING:Xst:2677 - Node <V2/curr_errorcode_1> of sequential type is unconnected in block <main>.
WARNING:Xst:2677 - Node <mouse_coordinates/next_Yposn_9> of sequential type is unconnected in block <main>.
WARNING:Xst:2677 - Node <mouse_coordinates/next_Yposn_8> of sequential type is unconnected in block <main>.
WARNING:Xst:2677 - Node <mouse_coordinates/next_Yposn_7> of sequential type is unconnected in block <main>.
WARNING:Xst:2677 - Node <mouse_coordinates/next_Yposn_6> of sequential type is unconnected in block <main>.
WARNING:Xst:2677 - Node <mouse_coordinates/next_Yposn_5> of sequential type is unconnected in block <main>.
WARNING:Xst:2677 - Node <mouse_coordinates/next_Yposn_4> of sequential type is unconnected in block <main>.
WARNING:Xst:2677 - Node <mouse_coordinates/next_Yposn_3> of sequential type is unconnected in block <main>.
WARNING:Xst:2677 - Node <mouse_coordinates/next_Yposn_2> of sequential type is unconnected in block <main>.
WARNING:Xst:2677 - Node <mouse_coordinates/next_Yposn_1> of sequential type is unconnected in block <main>.
WARNING:Xst:2677 - Node <mouse_coordinates/next_Yposn_0> of sequential type is unconnected in block <main>.
WARNING:Xst:2677 - Node <mouse_coordinates/Yposn_9> of sequential type is unconnected in block <main>.
WARNING:Xst:2677 - Node <mouse_coordinates/Yposn_8> of sequential type is unconnected in block <main>.
WARNING:Xst:2677 - Node <mouse_coordinates/Yposn_7> of sequential type is unconnected in block <main>.
WARNING:Xst:2677 - Node <mouse_coordinates/Yposn_6> of sequential type is unconnected in block <main>.
WARNING:Xst:2677 - Node <mouse_coordinates/Yposn_5> of sequential type is unconnected in block <main>.
WARNING:Xst:2677 - Node <mouse_coordinates/Yposn_4> of sequential type is unconnected in block <main>.
WARNING:Xst:2677 - Node <mouse_coordinates/Yposn_3> of sequential type is unconnected in block <main>.
WARNING:Xst:2677 - Node <mouse_coordinates/Yposn_2> of sequential type is unconnected in block <main>.
WARNING:Xst:2677 - Node <mouse_coordinates/Yposn_1> of sequential type is unconnected in block <main>.
WARNING:Xst:2677 - Node <mouse_coordinates/Yposn_0> of sequential type is unconnected in block <main>.

Mapping all equations...
Building and optimizing final netlist ...
INFO:Xst:2261 - The FF/Latch <image_handler/Red_2> in Unit <main> is equivalent to the following 2 FFs/Latches, which will be removed : <image_handler/Red_1> <image_handler/Red_0> 
INFO:Xst:2261 - The FF/Latch <image_handler/Green_2> in Unit <main> is equivalent to the following 2 FFs/Latches, which will be removed : <image_handler/Green_1> <image_handler/Green_0> 
INFO:Xst:2261 - The FF/Latch <MouseTransmitter/ps2clk_in> in Unit <main> is equivalent to the following FF/Latch, which will be removed : <V2/ps2clk_in> 
INFO:Xst:2261 - The FF/Latch <MouseTransmitter/ps2data_in> in Unit <main> is equivalent to the following FF/Latch, which will be removed : <V2/ps2data_q> 
Found area constraint ratio of 100 (+ 5) on block main, actual ratio is 40.
FlipFlop image_handler/Green_2 has been replicated 2 time(s) to handle iob=true attribute.
FlipFlop image_handler/Red_2 has been replicated 2 time(s) to handle iob=true attribute.
FlipFlop mouse_coordinates/Xposn_7 has been replicated 1 time(s) to handle iob=true attribute.
FlipFlop mouse_coordinates/Xposn_6 has been replicated 1 time(s) to handle iob=true attribute.
FlipFlop mouse_coordinates/Xposn_5 has been replicated 1 time(s) to handle iob=true attribute.
FlipFlop mouse_coordinates/Xposn_4 has been replicated 1 time(s) to handle iob=true attribute.
FlipFlop mouse_coordinates/Xposn_3 has been replicated 1 time(s) to handle iob=true attribute.
FlipFlop mouse_coordinates/Xposn_2 has been replicated 1 time(s) to handle iob=true attribute.
FlipFlop mouse_coordinates/Xposn_1 has been replicated 1 time(s) to handle iob=true attribute.
FlipFlop mouse_coordinates/Xposn_0 has been replicated 1 time(s) to handle iob=true attribute.

Final Macro Processing ...

=========================================================================
Final Register Report

Macro Statistics
# Registers                                            : 216
 Flip-Flops                                            : 216

=========================================================================

=========================================================================
*                           Partition Report                            *
=========================================================================

Partition Implementation Status
-------------------------------

  No Partitions were found in this design.

-------------------------------

=========================================================================
*                            Final Report                               *
=========================================================================
Final Results
RTL Top Level Output File Name     : main.ngr
Top Level Output File Name         : main
Output Format                      : NGC
Optimization Goal                  : Speed
Keep Hierarchy                     : No

Design Statistics
# IOs                              : 22

Cell Usage :
# BELS                             : 857
#      GND                         : 1
#      INV                         : 30
#      LUT1                        : 87
#      LUT2                        : 136
#      LUT2_D                      : 2
#      LUT2_L                      : 5
#      LUT3                        : 43
#      LUT3_D                      : 3
#      LUT3_L                      : 3
#      LUT4                        : 162
#      LUT4_D                      : 16
#      LUT4_L                      : 16
#      MUXCY                       : 188
#      MUXF5                       : 10
#      VCC                         : 1
#      XORCY                       : 154
# FlipFlops/Latches                : 226
#      FD                          : 15
#      FDC                         : 12
#      FDCE                        : 21
#      FDE                         : 28
#      FDPE                        : 6
#      FDR                         : 92
#      FDRE                        : 12
#      FDRS                        : 23
#      FDRSE                       : 2
#      FDS                         : 5
#      LD                          : 10
# Clock Buffers                    : 1
#      BUFG                        : 1
# IO Buffers                       : 22
#      IBUF                        : 1
#      IBUFG                       : 1
#      IOBUF                       : 2
#      OBUF                        : 18
# DCMs                             : 1
#      DCM_SP                      : 1
# MULTs                            : 2
#      MULT18X18SIO                : 2
=========================================================================

Device utilization summary:
---------------------------

Selected Device : 3s50atq144-4 

 Number of Slices:                      268  out of    704    38%  
 Number of Slice Flip Flops:            212  out of   1408    15%  
 Number of 4 input LUTs:                503  out of   1408    35%  
 Number of IOs:                          22
 Number of bonded IOBs:                  22  out of    108    20%  
    IOB Flip Flops:                      14
 Number of MULT18X18SIOs:                 2  out of      3    66%  
 Number of GCLKs:                         1  out of     24     4%  
 Number of DCMs:                          1  out of      2    50%  

---------------------------
Partition Resource Summary:
---------------------------

  No Partitions were found in this design.

---------------------------


=========================================================================
TIMING REPORT

NOTE: THESE TIMING NUMBERS ARE ONLY A SYNTHESIS ESTIMATE.
      FOR ACCURATE TIMING INFORMATION PLEASE REFER TO THE TRACE REPORT
      GENERATED AFTER PLACE-and-ROUTE.

Clock Information:
------------------
-----------------------------------+-------------------------------------+-------+
Clock Signal                       | Clock buffer(FF name)               | Load  |
-----------------------------------+-------------------------------------+-------+
clk                                | SYS_CLK/DCM_SP_INST:CLK0            | 210   |
VGA_1/Hcounter_0                   | NONE(image_handler/Green_2)         | 6     |
control_module/curr_packet_complete| NONE(mouse_coordinates/next_Xposn_9)| 10    |
-----------------------------------+-------------------------------------+-------+
INFO:Xst:2169 - HDL ADVISOR - Some clock signals were not automatically buffered by XST with BUFG/BUFR resources. Please use the buffer_type constraint in order to insert these buffers to the clock signals to help prevent skew problems.

Asynchronous Control Signals Information:
----------------------------------------
-------------------------------------------------------------+----------------------------+-------+
Control Signal                                               | Buffer(FF name)            | Load  |
-------------------------------------------------------------+----------------------------+-------+
Locked_inv(VGA_1/Locked_inv1_INV_0:O)                        | NONE(VGA_1/Hcounter_0)     | 22    |
control_module_not0000(motion_control/Hcen_Acst_inv1_INV_0:O)| NONE(motion_control/Hcen_2)| 17    |
-------------------------------------------------------------+----------------------------+-------+

Timing Summary:
---------------
Speed Grade: -4

   Minimum period: 6.341ns (Maximum Frequency: 157.704MHz)
   Minimum input arrival time before clock: 4.767ns
   Maximum output required time after clock: 6.374ns
   Maximum combinational path delay: No path found

Timing Detail:
--------------
All values displayed in nanoseconds (ns)

=========================================================================
Timing constraint: Default period analysis for Clock 'clk'
  Clock period: 6.341ns (frequency: 157.704MHz)
  Total number of paths / destination ports: 3540 / 268
-------------------------------------------------------------------------
Delay:               6.341ns (Levels of Logic = 4)
  Source:            V2/curr_timeoutcount_15 (FF)
  Destination:       V2/curr_bitcount_3 (FF)
  Source Clock:      clk rising
  Destination Clock: clk rising

  Data Path: V2/curr_timeoutcount_15 to V2/curr_bitcount_3
                                Gate     Net
    Cell:in->out      fanout   Delay   Delay  Logical Name (Net Name)
    ----------------------------------------  ------------
     FDRS:C->Q             2   0.591   0.590  V2/curr_timeoutcount_15 (V2/curr_timeoutcount_15)
     LUT4:I0->O            1   0.648   0.500  V2/curr_state_cmp_eq000017 (V2/curr_state_cmp_eq000017)
     LUT4:I1->O           10   0.643   0.885  V2/curr_state_cmp_eq000064 (V2/curr_state_cmp_eq0000)
     LUT4_D:I3->O         11   0.648   0.936  V2/next_bitcount<0>21 (V2/N20)
     LUT4:I3->O            1   0.648   0.000  V2/next_rxbuf_7_mux00001 (V2/next_rxbuf<7>)
     FDR:D                     0.252          V2/curr_rxbuf_7
    ----------------------------------------
    Total                      6.341ns (3.430ns logic, 2.911ns route)
                                       (54.1% logic, 45.9% route)

=========================================================================
Timing constraint: Default OFFSET IN BEFORE for Clock 'clk'
  Total number of paths / destination ports: 70 / 70
-------------------------------------------------------------------------
Offset:              4.767ns (Levels of Logic = 2)
  Source:            pushbtn (PAD)
  Destination:       control_module/curr_state_FSM_FFd11 (FF)
  Destination Clock: clk rising

  Data Path: pushbtn to control_module/curr_state_FSM_FFd11
                                Gate     Net
    Cell:in->out      fanout   Delay   Delay  Logical Name (Net Name)
    ----------------------------------------  ------------
     IBUF:I->O            21   0.849   1.128  pushbtn_IBUF (pushbtn_IBUF)
     INV:I->O             65   0.648   1.273  motion_control/Hcen_Acst_inv1_INV_0 (control_module_not0000)
     FDR:R                     0.869          control_module/curr_wait_count_0
    ----------------------------------------
    Total                      4.767ns (2.366ns logic, 2.401ns route)
                                       (49.6% logic, 50.4% route)

=========================================================================
Timing constraint: Default OFFSET OUT AFTER for Clock 'clk'
  Total number of paths / destination ports: 12 / 11
-------------------------------------------------------------------------
Offset:              6.374ns (Levels of Logic = 2)
  Source:            MouseTransmitter/curr_ps2data_en (FF)
  Destination:       PS2_DAT (PAD)
  Source Clock:      clk rising

  Data Path: MouseTransmitter/curr_ps2data_en to PS2_DAT
                                Gate     Net
    Cell:in->out      fanout   Delay   Delay  Logical Name (Net Name)
    ----------------------------------------  ------------
     FDR:C->Q              1   0.591   0.420  MouseTransmitter/curr_ps2data_en (MouseTransmitter/curr_ps2data_en)
     INV:I->O              1   0.648   0.420  DataMouseOutEnTrans_inv1_INV_0 (DataMouseOutEnTrans_inv)
     IOBUF:T->IO               4.295          PS2_DAT_IOBUF (PS2_DAT)
    ----------------------------------------
    Total                      6.374ns (5.534ns logic, 0.840ns route)
                                       (86.8% logic, 13.2% route)

=========================================================================
Timing constraint: Default OFFSET OUT AFTER for Clock 'VGA_1/Hcounter_0'
  Total number of paths / destination ports: 6 / 6
-------------------------------------------------------------------------
Offset:              5.531ns (Levels of Logic = 1)
  Source:            image_handler/Green_2_1 (FF)
  Destination:       Green<2> (PAD)
  Source Clock:      VGA_1/Hcounter_0 rising

  Data Path: image_handler/Green_2_1 to Green<2>
                                Gate     Net
    Cell:in->out      fanout   Delay   Delay  Logical Name (Net Name)
    ----------------------------------------  ------------
     FDR:C->Q              1   0.591   0.420  image_handler/Green_2_1 (image_handler/Green_2_1)
     OBUF:I->O                 4.520          Green_2_OBUF (Green<2>)
    ----------------------------------------
    Total                      5.531ns (5.111ns logic, 0.420ns route)
                                       (92.4% logic, 7.6% route)

=========================================================================


Total REAL time to Xst completion: 9.00 secs
Total CPU time to Xst completion: 8.85 secs
 
--> 

Total memory usage is 4568088 kilobytes

Number of errors   :    0 (   0 filtered)
Number of warnings :   79 (   0 filtered)
Number of infos    :    8 (   0 filtered)

